<?xml version="1.0" encoding="utf-8"?>
<test-run id="2" testcasecount="25" result="Passed" total="25" passed="25" failed="0" inconclusive="0" skipped="0" asserts="0" engine-version="3.5.0.0" clr-version="4.0.30319.42000" start-time="2026-07-28 18:15:09Z" end-time="2026-07-28 18:16:54Z" duration="104,6334754">
  <test-suite type="TestSuite" id="1000" name="game_unity" fullname="game_unity" runstate="Runnable" testcasecount="274" result="Passed" start-time="2026-07-28 18:15:09Z" end-time="2026-07-28 18:16:54Z" duration="104.633475" total="25" passed="25" failed="0" inconclusive="0" skipped="0" asserts="0">
    <properties>
      <property name="platform" value="EditMode" />
    </properties>
    <test-suite type="Assembly" id="1360" name="VictoriaGame.Tests.dll" fullname="C:/Users/liagr/VictoriaProject/game_unity/Library/ScriptAssemblies/VictoriaGame.Tests.dll" runstate="Runnable" testcasecount="274" result="Passed" start-time="2026-07-28 18:15:09Z" end-time="2026-07-28 18:16:54Z" duration="104.629260" total="25" passed="25" failed="0" inconclusive="0" skipped="0" asserts="0">
      <properties>
        <property name="_PID" value="21932" />
        <property name="_APPDOMAIN" value="Unity Child Domain" />
        <property name="platform" value="EditMode" />
        <property name="EditorOnly" value="True" />
      </properties>
      <test-suite type="TestSuite" id="1361" name="VictoriaGame" fullname="VictoriaGame" runstate="Runnable" testcasecount="274" result="Passed" start-time="2026-07-28 18:15:09Z" end-time="2026-07-28 18:16:54Z" duration="104.627737" total="25" passed="25" failed="0" inconclusive="0" skipped="0" asserts="0">
        <properties />
        <test-suite type="TestSuite" id="1363" name="Tests" fullname="VictoriaGame.Tests" runstate="Runnable" testcasecount="271" result="Passed" start-time="2026-07-28 18:15:09Z" end-time="2026-07-28 18:16:54Z" duration="104.626076" total="25" passed="25" failed="0" inconclusive="0" skipped="0" asserts="0">
          <properties />
          <test-suite type="TestFixture" id="1234" name="V1073LabelZoomTests" fullname="VictoriaGame.Tests.V1073LabelZoomTests" classname="VictoriaGame.Tests.V1073LabelZoomTests" runstate="Runnable" testcasecount="6" result="Passed" start-time="2026-07-28 18:15:09Z" end-time="2026-07-28 18:15:39Z" duration="29.773532" total="6" passed="6" failed="0" inconclusive="0" skipped="0" asserts="0">
            <properties />
            <test-case id="1235" name="V1073_A_NoLetterLost_SixNamedCases" fullname="VictoriaGame.Tests.V1073LabelZoomTests.V1073_A_NoLetterLost_SixNamedCases" methodname="V1073_A_NoLetterLost_SixNamedCases" classname="VictoriaGame.Tests.V1073LabelZoomTests" runstate="Runnable" seed="2097593605" result="Passed" start-time="2026-07-28 18:15:09Z" end-time="2026-07-28 18:15:09Z" duration="0.016701" asserts="0">
              <properties>
                <property name="retryIteration" value="0" />
                <property name="repeatIteration" value="0" />
              </properties>
            </test-case>
            <test-case id="1240" name="V1073_Artifacts_And_Verdict" fullname="VictoriaGame.Tests.V1073LabelZoomTests.V1073_Artifacts_And_Verdict" methodname="V1073_Artifacts_And_Verdict" classname="VictoriaGame.Tests.V1073LabelZoomTests" runstate="Runnable" seed="1895160234" result="Passed" start-time="2026-07-28 18:15:09Z" end-time="2026-07-28 18:15:28Z" duration="18.468590" asserts="0">
              <properties>
                <property name="retryIteration" value="0" />
                <property name="repeatIteration" value="0" />
              </properties>
              <output><![CDATA[MapSpriteCatalog: found=26 converted=25 discarded=5 root=C:\Users\liagr\VictoriaProject-assets\game_unity\Assets\Art\Models cache=C:\Users\liagr\VictoriaProject\game_unity\PresentationCache\Sprites
PhysicalProductionSystem: outlet_cap_intensity=1 storage_months=3 (depuis JSON)
PopGrowthSystem: response_continuity=0,5 (depuis JSON; justification=v1_026 redescente: c=1 (même à w=0.25) casse V1016/17 (armée t3000). ADOPTÉ c=0.5 w=0.25: grille pop=154437 ratio=0.985 army=24057. Palier w=0.5 sous c=1 prouvé mais non livré. c=0 = escalier bit-identique.)
PhysicalSatisfactionBlendSystem: physical_blend_weight=0,25 (depuis JSON; justification=v1_026 redescente: w=0.5 et w=0.4 avec c=1 cassent V1016-18. Conservé w=0.25 (palier v1_022/v1_025) + ResponseContinuity=1. Grille: à c=1 w=0.25 popRatio=1.024 (sensibilité↑ sans rupture stabilité).)
BuildingConstructionSystem: capacity_intensity=1 (depuis JSON)
BuildingAiSystem: mode=Active budget_reserve=0 (règle ByDeficitSeverity — gaps Food/Cloth + déficit bois observés ; émission si trésorerie OK ; stocks = juge chantier, pas pré-filtre IA)
GoodInitSystem: 15 biens créés
CountryInitSystem: 20 pays crees
CountryInitSystem: 20 capitales résolues et possédées à t0 (owner_tag).
MapInitSystem: 50 provinces créées
MilitaryInitSystem: 20 gabarits, 20 dépôts, 20 armées
ProvinceOwnershipInitSystem: 50 provinces rattachées à leur pays
ArmyGroupInitSystem: 20 groupes, 20 armées rattachées
SeaZoneInitSystem: 14 zones maritimes créées
FortInitSystem: 20 forts créés sur les capitales
ProductionSiteInitSystem: 50 sites de production créés
PhysicalStockInitSystem: recettes de production physique:
  cloth(id=8) <- 1 wool(id=6)
  tools(id=9) <- 0,5 iron(id=5) + 0,5 wood(id=4)
  weapons(id=10) <- 0,8 iron(id=5) + 0,4 coal(id=7)
  paper(id=11) <- 1,2 wood(id=4)
Justification ratios: Ratios early-modern plausibles (affinables): cloth 1:1 wool (masse filée/tissée); tools 0.5 iron + 0.5 wood (tête + manche); weapons 0.8 iron + 0.4 coal (forge); paper 1.2 wood (perte pulpe). Primaires (grain/fish/livestock/wood/iron/wool/coal) et luxes sans recette = extraction sans intrant transformé.

PhysicalStockInitSystem: 50 provinces stockées, 3 isolée(s) du réseau terrestre (détroits exclus), capacity=500 perDev=2400,643 delay=1
=== CityInitSystem v1_036 ===
criterion=Villes d'importance politique, commerciale, religieuse ou démographique attestées vers 1400 dans le périmètre des 50 provinces. Une province qui porte déjà un nom de ville (London, Venice…) reçoit cette ville comme principale sans doublon fictif. Les provinces régionales (Île-de-France, Bourgogne…) reçoivent leurs sièges historiques (Paris, Dijon…). Populations en unités PopData (échelle sim), classées par importance relative historique — pas des effectifs d'historien.
demographic_policy=included_in_provincial_pops
choice=urban_population_INCLUDED_in_provincial_pops (CityData.Population is a share label; PopData untouched)
cities_seeded=204 provinces_with_cities=50 missing_province=0 scaled_provinces=1
urban_total=14445 world_pop_before=129200 world_pop_after=129200 delta_world_pop=0 urban_share=11,18%
extensibility: buildings→CityId; growth→CityData.Population; new cities→CreateEntity+ProvinceCity; districts→buffer on City
--- cities_per_province ---
  province=1 cities=11
  province=2 cities=4
  province=3 cities=6
  province=4 cities=5
  province=5 cities=12
  province=6 cities=9
  province=7 cities=11
  province=8 cities=15
  province=9 cities=5
  province=10 cities=9
  province=11 cities=2
  province=12 cities=2
  province=13 cities=3
  province=14 cities=2
  province=15 cities=2
  province=16 cities=3
  province=17 cities=2
  province=18 cities=25
  province=19 cities=3
  province=20 cities=3
  province=21 cities=3
  province=22 cities=3
  province=23 cities=2
  province=24 cities=2
  province=25 cities=1
  province=26 cities=3
  province=27 cities=3
  province=28 cities=3
  province=29 cities=3
  province=30 cities=2
  province=31 cities=2
  province=32 cities=2
  province=33 cities=2
  province=34 cities=2
  province=35 cities=2
  province=36 cities=2
  province=37 cities=2
  province=38 cities=2
  province=39 cities=3
  province=40 cities=3
  province=41 cities=2
  province=42 cities=2
  province=43 cities=2
  province=44 cities=3
  province=45 cities=2
  province=46 cities=2
  province=47 cities=2
  province=48 cities=3
  province=49 cities=3
  province=50 cities=2
--- urban_per_owner_tag ---
  owner=ARA urban=263
  owner=AUS urban=2807
  owner=BOH urban=209
  owner=BUR urban=483
  owner=BYZ urban=314
  owner=CAS urban=714
  owner=DAN urban=255
  owner=ENG urban=1965
  owner=FLO urban=393
  owner=FRA urban=3608
  owner=GEN urban=230
  owner=HUN urban=412
  owner=MIL urban=390
  owner=NAP urban=616
  owner=OTT urban=678
  owner=POL urban=438
  owner=POR urban=177
  owner=SCO urban=108
  owner=SWE urban=119
  owner=VEN urban=266

BuildingInitSystem seed: total=174 city_seed_coeff=0 Farm=94 Sawmill=4 Workshop=76
BuildingInitSystem: catalogue=3 types, bâtiments semés=174 city_seed_coeff=0
PhysicalEndowmentInitSystem: 50 provinces dotées, 96 activités, 19 multi-biens, scale=2000
Découplage: activités hors GoodId du ProductionSite LOD produisent à BaseCapacity (pas de plafond LastOutput). Site LOD inchangé.
Formule: v1_025: BaseCapacity = relative_intensity × climate_mod × DevScore × production_scale. DevScore = max(1, (Tax+Production+Manpower)/3) — même score que transport v1_024. production_scale=2000 aligné LOD. PAS de typeYield Food (évite inondation stocks / dérive float). Table = RawMaterial UNIQUEMENT (wool/iron/coal/wood) : les Food/Luxury/Manufactured restent au LOD. Objectif: capacité MONDIALE des intrants ≥ demande transformée, concentration GÉOGRAPHIQUE (laine=Hills+Arid, charbon=Mountains+Hills, bois=Cold/Forest/Hills).

LawInitSystem: 23 lois créées (ordre LawId)
'VictoriaGame.Population.PopGrowthSystem' creates a query during OnUpdate. Please create queries in OnCreate and store them in the system for use in OnUpdate instead. This is significantly faster.
PilotMapProvider: JSON chargé cells=237 unowned=43 tags=AUS=23,BUR=22,CAS=7,ENG=33,FRA=109 json_bytes=698636 (PNG paresseux par LOD) mapping→C:/Users/liagr/VictoriaProject/game_unity/Assets/StreamingAssets\data/map\cell_to_view_index.json
V1077-A non applicable (cadre mono-pays) sur neutral_province.png : n=0 s=15967
V1077-A non applicable (cadre mono-pays) sur neutral_country_eng.png : n=1271 s=0
V1077-A non applicable (cadre mono-pays) sur zoom_province.png : n=0 s=15669
V1077-A non applicable (cadre mono-pays) sur zoom_country_eng.png : n=1249 s=0
PhysicalProductionSystem: outlet_cap_intensity=1 storage_months=3 (depuis JSON)
BuildingConstructionSystem: capacity_intensity=1 (depuis JSON)
PhysicalProductionSystem: outlet_cap_intensity=1 storage_months=3 (depuis JSON)
PopGrowthSystem: response_continuity=0,5 (depuis JSON; justification=v1_026 redescente: c=1 (même à w=0.25) casse V1016/17 (armée t3000). ADOPTÉ c=0.5 w=0.25: grille pop=154437 ratio=0.985 army=24057. Palier w=0.5 sous c=1 prouvé mais non livré. c=0 = escalier bit-identique.)
BuildingConstructionSystem: capacity_intensity=1 (depuis JSON)
BuildingAiSystem: mode=Active budget_reserve=0 (règle ByDeficitSeverity — gaps Food/Cloth + déficit bois observés ; émission si trésorerie OK ; stocks = juge chantier, pas pré-filtre IA)
GoodInitSystem: 15 biens créés
CountryInitSystem: 20 pays crees
CountryInitSystem: 20 capitales résolues et possédées à t0 (owner_tag).
MapInitSystem: 50 provinces créées
MilitaryInitSystem: 20 gabarits, 20 dépôts, 20 armées
ProvinceOwnershipInitSystem: 50 provinces rattachées à leur pays
ArmyGroupInitSystem: 20 groupes, 20 armées rattachées
SeaZoneInitSystem: 14 zones maritimes créées
FortInitSystem: 20 forts créés sur les capitales
ProductionSiteInitSystem: 50 sites de production créés
PhysicalStockInitSystem: recettes de production physique:
  cloth(id=8) <- 1 wool(id=6)
  tools(id=9) <- 0,5 iron(id=5) + 0,5 wood(id=4)
  weapons(id=10) <- 0,8 iron(id=5) + 0,4 coal(id=7)
  paper(id=11) <- 1,2 wood(id=4)
Justification ratios: Ratios early-modern plausibles (affinables): cloth 1:1 wool (masse filée/tissée); tools 0.5 iron + 0.5 wood (tête + manche); weapons 0.8 iron + 0.4 coal (forge); paper 1.2 wood (perte pulpe). Primaires (grain/fish/livestock/wood/iron/wool/coal) et luxes sans recette = extraction sans intrant transformé.

PhysicalStockInitSystem: 50 provinces stockées, 3 isolée(s) du réseau terrestre (détroits exclus), capacity=500 perDev=2400,643 delay=1
=== CityInitSystem v1_036 ===
criterion=Villes d'importance politique, commerciale, religieuse ou démographique attestées vers 1400 dans le périmètre des 50 provinces. Une province qui porte déjà un nom de ville (London, Venice…) reçoit cette ville comme principale sans doublon fictif. Les provinces régionales (Île-de-France, Bourgogne…) reçoivent leurs sièges historiques (Paris, Dijon…). Populations en unités PopData (échelle sim), classées par importance relative historique — pas des effectifs d'historien.
demographic_policy=included_in_provincial_pops
choice=urban_population_INCLUDED_in_provincial_pops (CityData.Population is a share label; PopData untouched)
cities_seeded=204 provinces_with_cities=50 missing_province=0 scaled_provinces=1
urban_total=14445 world_pop_before=129200 world_pop_after=129200 delta_world_pop=0 urban_share=11,18%
extensibility: buildings→CityId; growth→CityData.Population; new cities→CreateEntity+ProvinceCity; districts→buffer on City
--- cities_per_province ---
  province=1 cities=11
  province=2 cities=4
  province=3 cities=6
  province=4 cities=5
  province=5 cities=12
  province=6 cities=9
  province=7 cities=11
  province=8 cities=15
  province=9 cities=5
  province=10 cities=9
  province=11 cities=2
  province=12 cities=2
  province=13 cities=3
  province=14 cities=2
  province=15 cities=2
  province=16 cities=3
  province=17 cities=2
  province=18 cities=25
  province=19 cities=3
  province=20 cities=3
  province=21 cities=3
  province=22 cities=3
  province=23 cities=2
  province=24 cities=2
  province=25 cities=1
  province=26 cities=3
  province=27 cities=3
  province=28 cities=3
  province=29 cities=3
  province=30 cities=2
  province=31 cities=2
  province=32 cities=2
  province=33 cities=2
  province=34 cities=2
  province=35 cities=2
  province=36 cities=2
  province=37 cities=2
  province=38 cities=2
  province=39 cities=3
  province=40 cities=3
  province=41 cities=2
  province=42 cities=2
  province=43 cities=2
  province=44 cities=3
  province=45 cities=2
  province=46 cities=2
  province=47 cities=2
  province=48 cities=3
  province=49 cities=3
  province=50 cities=2
--- urban_per_owner_tag ---
  owner=ARA urban=263
  owner=AUS urban=2807
  owner=BOH urban=209
  owner=BUR urban=483
  owner=BYZ urban=314
  owner=CAS urban=714
  owner=DAN urban=255
  owner=ENG urban=1965
  owner=FLO urban=393
  owner=FRA urban=3608
  owner=GEN urban=230
  owner=HUN urban=412
  owner=MIL urban=390
  owner=NAP urban=616
  owner=OTT urban=678
  owner=POL urban=438
  owner=POR urban=177
  owner=SCO urban=108
  owner=SWE urban=119
  owner=VEN urban=266

BuildingInitSystem seed: total=174 city_seed_coeff=0 Farm=94 Sawmill=4 Workshop=76
BuildingInitSystem: catalogue=3 types, bâtiments semés=174 city_seed_coeff=0
PhysicalEndowmentInitSystem: 50 provinces dotées, 96 activités, 19 multi-biens, scale=2000
Découplage: activités hors GoodId du ProductionSite LOD produisent à BaseCapacity (pas de plafond LastOutput). Site LOD inchangé.
Formule: v1_025: BaseCapacity = relative_intensity × climate_mod × DevScore × production_scale. DevScore = max(1, (Tax+Production+Manpower)/3) — même score que transport v1_024. production_scale=2000 aligné LOD. PAS de typeYield Food (évite inondation stocks / dérive float). Table = RawMaterial UNIQUEMENT (wool/iron/coal/wood) : les Food/Luxury/Manufactured restent au LOD. Objectif: capacité MONDIALE des intrants ≥ demande transformée, concentration GÉOGRAPHIQUE (laine=Hills+Arid, charbon=Mountains+Hills, bois=Cold/Forest/Hills).

LawInitSystem: 23 lois créées (ordre LawId)
'VictoriaGame.Population.PopGrowthSystem' creates a query during OnUpdate. Please create queries in OnCreate and store them in the system for use in OnUpdate instead. This is significantly faster.
PhysicalProductionSystem: outlet_cap_intensity=1 storage_months=3 (depuis JSON)
BuildingConstructionSystem: capacity_intensity=1 (depuis JSON)
PhysicalProductionSystem: outlet_cap_intensity=1 storage_months=3 (depuis JSON)
PopGrowthSystem: response_continuity=0,5 (depuis JSON; justification=v1_026 redescente: c=1 (même à w=0.25) casse V1016/17 (armée t3000). ADOPTÉ c=0.5 w=0.25: grille pop=154437 ratio=0.985 army=24057. Palier w=0.5 sous c=1 prouvé mais non livré. c=0 = escalier bit-identique.)
BuildingConstructionSystem: capacity_intensity=1 (depuis JSON)
BuildingAiSystem: mode=Active budget_reserve=0 (règle ByDeficitSeverity — gaps Food/Cloth + déficit bois observés ; émission si trésorerie OK ; stocks = juge chantier, pas pré-filtre IA)
GoodInitSystem: 15 biens créés
CountryInitSystem: 20 pays crees
CountryInitSystem: 20 capitales résolues et possédées à t0 (owner_tag).
MapInitSystem: 50 provinces créées
MilitaryInitSystem: 20 gabarits, 20 dépôts, 20 armées
ProvinceOwnershipInitSystem: 50 provinces rattachées à leur pays
ArmyGroupInitSystem: 20 groupes, 20 armées rattachées
SeaZoneInitSystem: 14 zones maritimes créées
FortInitSystem: 20 forts créés sur les capitales
ProductionSiteInitSystem: 50 sites de production créés
PhysicalStockInitSystem: recettes de production physique:
  cloth(id=8) <- 1 wool(id=6)
  tools(id=9) <- 0,5 iron(id=5) + 0,5 wood(id=4)
  weapons(id=10) <- 0,8 iron(id=5) + 0,4 coal(id=7)
  paper(id=11) <- 1,2 wood(id=4)
Justification ratios: Ratios early-modern plausibles (affinables): cloth 1:1 wool (masse filée/tissée); tools 0.5 iron + 0.5 wood (tête + manche); weapons 0.8 iron + 0.4 coal (forge); paper 1.2 wood (perte pulpe). Primaires (grain/fish/livestock/wood/iron/wool/coal) et luxes sans recette = extraction sans intrant transformé.

PhysicalStockInitSystem: 50 provinces stockées, 3 isolée(s) du réseau terrestre (détroits exclus), capacity=500 perDev=2400,643 delay=1
=== CityInitSystem v1_036 ===
criterion=Villes d'importance politique, commerciale, religieuse ou démographique attestées vers 1400 dans le périmètre des 50 provinces. Une province qui porte déjà un nom de ville (London, Venice…) reçoit cette ville comme principale sans doublon fictif. Les provinces régionales (Île-de-France, Bourgogne…) reçoivent leurs sièges historiques (Paris, Dijon…). Populations en unités PopData (échelle sim), classées par importance relative historique — pas des effectifs d'historien.
demographic_policy=included_in_provincial_pops
choice=urban_population_INCLUDED_in_provincial_pops (CityData.Population is a share label; PopData untouched)
cities_seeded=204 provinces_with_cities=50 missing_province=0 scaled_provinces=1
urban_total=14445 world_pop_before=129200 world_pop_after=129200 delta_world_pop=0 urban_share=11,18%
extensibility: buildings→CityId; growth→CityData.Population; new cities→CreateEntity+ProvinceCity; districts→buffer on City
--- cities_per_province ---
  province=1 cities=11
  province=2 cities=4
  province=3 cities=6
  province=4 cities=5
  province=5 cities=12
  province=6 cities=9
  province=7 cities=11
  province=8 cities=15
  province=9 cities=5
  province=10 cities=9
  province=11 cities=2
  province=12 cities=2
  province=13 cities=3
  province=14 cities=2
  province=15 cities=2
  province=16 cities=3
  province=17 cities=2
  province=18 cities=25
  province=19 cities=3
  province=20 cities=3
  province=21 cities=3
  province=22 cities=3
  province=23 cities=2
  province=24 cities=2
  province=25 cities=1
  province=26 cities=3
  province=27 cities=3
  province=28 cities=3
  province=29 cities=3
  province=30 cities=2
  province=31 cities=2
  province=32 cities=2
  province=33 cities=2
  province=34 cities=2
  province=35 cities=2
  province=36 cities=2
  province=37 cities=2
  province=38 cities=2
  province=39 cities=3
  province=40 cities=3
  province=41 cities=2
  province=42 cities=2
  province=43 cities=2
  province=44 cities=3
  province=45 cities=2
  province=46 cities=2
  province=47 cities=2
  province=48 cities=3
  province=49 cities=3
  province=50 cities=2
--- urban_per_owner_tag ---
  owner=ARA urban=263
  owner=AUS urban=2807
  owner=BOH urban=209
  owner=BUR urban=483
  owner=BYZ urban=314
  owner=CAS urban=714
  owner=DAN urban=255
  owner=ENG urban=1965
  owner=FLO urban=393
  owner=FRA urban=3608
  owner=GEN urban=230
  owner=HUN urban=412
  owner=MIL urban=390
  owner=NAP urban=616
  owner=OTT urban=678
  owner=POL urban=438
  owner=POR urban=177
  owner=SCO urban=108
  owner=SWE urban=119
  owner=VEN urban=266

BuildingInitSystem seed: total=174 city_seed_coeff=0 Farm=94 Sawmill=4 Workshop=76
BuildingInitSystem: catalogue=3 types, bâtiments semés=174 city_seed_coeff=0
PhysicalEndowmentInitSystem: 50 provinces dotées, 96 activités, 19 multi-biens, scale=2000
Découplage: activités hors GoodId du ProductionSite LOD produisent à BaseCapacity (pas de plafond LastOutput). Site LOD inchangé.
Formule: v1_025: BaseCapacity = relative_intensity × climate_mod × DevScore × production_scale. DevScore = max(1, (Tax+Production+Manpower)/3) — même score que transport v1_024. production_scale=2000 aligné LOD. PAS de typeYield Food (évite inondation stocks / dérive float). Table = RawMaterial UNIQUEMENT (wool/iron/coal/wood) : les Food/Luxury/Manufactured restent au LOD. Objectif: capacité MONDIALE des intrants ≥ demande transformée, concentration GÉOGRAPHIQUE (laine=Hills+Arid, charbon=Mountains+Hills, bois=Cold/Forest/Hills).

LawInitSystem: 23 lois créées (ordre LawId)
'VictoriaGame.Population.PopGrowthSystem' creates a query during OnUpdate. Please create queries in OnCreate and store them in the system for use in OnUpdate instead. This is significantly faster.
PhysicalProductionSystem: outlet_cap_intensity=1 storage_months=3 (depuis JSON)
BuildingConstructionSystem: capacity_intensity=1 (depuis JSON)
PhysicalProductionSystem: outlet_cap_intensity=1 storage_months=3 (depuis JSON)
PopGrowthSystem: response_continuity=0,5 (depuis JSON; justification=v1_026 redescente: c=1 (même à w=0.25) casse V1016/17 (armée t3000). ADOPTÉ c=0.5 w=0.25: grille pop=154437 ratio=0.985 army=24057. Palier w=0.5 sous c=1 prouvé mais non livré. c=0 = escalier bit-identique.)
BuildingConstructionSystem: capacity_intensity=1 (depuis JSON)
BuildingAiSystem: mode=Active budget_reserve=0 (règle ByDeficitSeverity — gaps Food/Cloth + déficit bois observés ; émission si trésorerie OK ; stocks = juge chantier, pas pré-filtre IA)
GoodInitSystem: 15 biens créés
CountryInitSystem: 20 pays crees
CountryInitSystem: 20 capitales résolues et possédées à t0 (owner_tag).
MapInitSystem: 50 provinces créées
MilitaryInitSystem: 20 gabarits, 20 dépôts, 20 armées
ProvinceOwnershipInitSystem: 50 provinces rattachées à leur pays
ArmyGroupInitSystem: 20 groupes, 20 armées rattachées
SeaZoneInitSystem: 14 zones maritimes créées
FortInitSystem: 20 forts créés sur les capitales
ProductionSiteInitSystem: 50 sites de production créés
PhysicalStockInitSystem: recettes de production physique:
  cloth(id=8) <- 1 wool(id=6)
  tools(id=9) <- 0,5 iron(id=5) + 0,5 wood(id=4)
  weapons(id=10) <- 0,8 iron(id=5) + 0,4 coal(id=7)
  paper(id=11) <- 1,2 wood(id=4)
Justification ratios: Ratios early-modern plausibles (affinables): cloth 1:1 wool (masse filée/tissée); tools 0.5 iron + 0.5 wood (tête + manche); weapons 0.8 iron + 0.4 coal (forge); paper 1.2 wood (perte pulpe). Primaires (grain/fish/livestock/wood/iron/wool/coal) et luxes sans recette = extraction sans intrant transformé.

PhysicalStockInitSystem: 50 provinces stockées, 3 isolée(s) du réseau terrestre (détroits exclus), capacity=500 perDev=2400,643 delay=1
=== CityInitSystem v1_036 ===
criterion=Villes d'importance politique, commerciale, religieuse ou démographique attestées vers 1400 dans le périmètre des 50 provinces. Une province qui porte déjà un nom de ville (London, Venice…) reçoit cette ville comme principale sans doublon fictif. Les provinces régionales (Île-de-France, Bourgogne…) reçoivent leurs sièges historiques (Paris, Dijon…). Populations en unités PopData (échelle sim), classées par importance relative historique — pas des effectifs d'historien.
demographic_policy=included_in_provincial_pops
choice=urban_population_INCLUDED_in_provincial_pops (CityData.Population is a share label; PopData untouched)
cities_seeded=204 provinces_with_cities=50 missing_province=0 scaled_provinces=1
urban_total=14445 world_pop_before=129200 world_pop_after=129200 delta_world_pop=0 urban_share=11,18%
extensibility: buildings→CityId; growth→CityData.Population; new cities→CreateEntity+ProvinceCity; districts→buffer on City
--- cities_per_province ---
  province=1 cities=11
  province=2 cities=4
  province=3 cities=6
  province=4 cities=5
  province=5 cities=12
  province=6 cities=9
  province=7 cities=11
  province=8 cities=15
  province=9 cities=5
  province=10 cities=9
  province=11 cities=2
  province=12 cities=2
  province=13 cities=3
  province=14 cities=2
  province=15 cities=2
  province=16 cities=3
  province=17 cities=2
  province=18 cities=25
  province=19 cities=3
  province=20 cities=3
  province=21 cities=3
  province=22 cities=3
  province=23 cities=2
  province=24 cities=2
  province=25 cities=1
  province=26 cities=3
  province=27 cities=3
  province=28 cities=3
  province=29 cities=3
  province=30 cities=2
  province=31 cities=2
  province=32 cities=2
  province=33 cities=2
  province=34 cities=2
  province=35 cities=2
  province=36 cities=2
  province=37 cities=2
  province=38 cities=2
  province=39 cities=3
  province=40 cities=3
  province=41 cities=2
  province=42 cities=2
  province=43 cities=2
  province=44 cities=3
  province=45 cities=2
  province=46 cities=2
  province=47 cities=2
  province=48 cities=3
  province=49 cities=3
  province=50 cities=2
--- urban_per_owner_tag ---
  owner=ARA urban=263
  owner=AUS urban=2807
  owner=BOH urban=209
  owner=BUR urban=483
  owner=BYZ urban=314
  owner=CAS urban=714
  owner=DAN urban=255
  owner=ENG urban=1965
  owner=FLO urban=393
  owner=FRA urban=3608
  owner=GEN urban=230
  owner=HUN urban=412
  owner=MIL urban=390
  owner=NAP urban=616
  owner=OTT urban=678
  owner=POL urban=438
  owner=POR urban=177
  owner=SCO urban=108
  owner=SWE urban=119
  owner=VEN urban=266

BuildingInitSystem seed: total=174 city_seed_coeff=0 Farm=94 Sawmill=4 Workshop=76
BuildingInitSystem: catalogue=3 types, bâtiments semés=174 city_seed_coeff=0
PhysicalEndowmentInitSystem: 50 provinces dotées, 96 activités, 19 multi-biens, scale=2000
Découplage: activités hors GoodId du ProductionSite LOD produisent à BaseCapacity (pas de plafond LastOutput). Site LOD inchangé.
Formule: v1_025: BaseCapacity = relative_intensity × climate_mod × DevScore × production_scale. DevScore = max(1, (Tax+Production+Manpower)/3) — même score que transport v1_024. production_scale=2000 aligné LOD. PAS de typeYield Food (évite inondation stocks / dérive float). Table = RawMaterial UNIQUEMENT (wool/iron/coal/wood) : les Food/Luxury/Manufactured restent au LOD. Objectif: capacité MONDIALE des intrants ≥ demande transformée, concentration GÉOGRAPHIQUE (laine=Hills+Arid, charbon=Mountains+Hills, bois=Cold/Forest/Hills).

LawInitSystem: 23 lois créées (ordre LawId)
'VictoriaGame.Population.PopGrowthSystem' creates a query during OnUpdate. Please create queries in OnCreate and store them in the system for use in OnUpdate instead. This is significantly faster.
PhysicalProductionSystem: outlet_cap_intensity=1 storage_months=3 (depuis JSON)
BuildingConstructionSystem: capacity_intensity=1 (depuis JSON)
V1073: wrote C:/Users/liagr/VictoriaProject/game_unity/Assets\..\Logs\v1_073_labels.log
]]></output>
            </test-case>
            <test-case id="1236" name="V1073_B_MeasureAndDrawSameScale" fullname="VictoriaGame.Tests.V1073LabelZoomTests.V1073_B_MeasureAndDrawSameScale" methodname="V1073_B_MeasureAndDrawSameScale" classname="VictoriaGame.Tests.V1073LabelZoomTests" runstate="Runnable" seed="962584023" result="Passed" start-time="2026-07-28 18:15:28Z" end-time="2026-07-28 18:15:31Z" duration="2.967265" asserts="0">
              <properties>
                <property name="retryIteration" value="0" />
                <property name="repeatIteration" value="0" />
              </properties>
              <output><![CDATA[PhysicalProductionSystem: outlet_cap_intensity=1 storage_months=3 (depuis JSON)
PopGrowthSystem: response_continuity=0,5 (depuis JSON; justification=v1_026 redescente: c=1 (même à w=0.25) casse V1016/17 (armée t3000). ADOPTÉ c=0.5 w=0.25: grille pop=154437 ratio=0.985 army=24057. Palier w=0.5 sous c=1 prouvé mais non livré. c=0 = escalier bit-identique.)
BuildingConstructionSystem: capacity_intensity=1 (depuis JSON)
BuildingAiSystem: mode=Active budget_reserve=0 (règle ByDeficitSeverity — gaps Food/Cloth + déficit bois observés ; émission si trésorerie OK ; stocks = juge chantier, pas pré-filtre IA)
GoodInitSystem: 15 biens créés
CountryInitSystem: 20 pays crees
CountryInitSystem: 20 capitales résolues et possédées à t0 (owner_tag).
MapInitSystem: 50 provinces créées
MilitaryInitSystem: 20 gabarits, 20 dépôts, 20 armées
ProvinceOwnershipInitSystem: 50 provinces rattachées à leur pays
ArmyGroupInitSystem: 20 groupes, 20 armées rattachées
SeaZoneInitSystem: 14 zones maritimes créées
FortInitSystem: 20 forts créés sur les capitales
ProductionSiteInitSystem: 50 sites de production créés
PhysicalStockInitSystem: recettes de production physique:
  cloth(id=8) <- 1 wool(id=6)
  tools(id=9) <- 0,5 iron(id=5) + 0,5 wood(id=4)
  weapons(id=10) <- 0,8 iron(id=5) + 0,4 coal(id=7)
  paper(id=11) <- 1,2 wood(id=4)
Justification ratios: Ratios early-modern plausibles (affinables): cloth 1:1 wool (masse filée/tissée); tools 0.5 iron + 0.5 wood (tête + manche); weapons 0.8 iron + 0.4 coal (forge); paper 1.2 wood (perte pulpe). Primaires (grain/fish/livestock/wood/iron/wool/coal) et luxes sans recette = extraction sans intrant transformé.

PhysicalStockInitSystem: 50 provinces stockées, 3 isolée(s) du réseau terrestre (détroits exclus), capacity=500 perDev=2400,643 delay=1
=== CityInitSystem v1_036 ===
criterion=Villes d'importance politique, commerciale, religieuse ou démographique attestées vers 1400 dans le périmètre des 50 provinces. Une province qui porte déjà un nom de ville (London, Venice…) reçoit cette ville comme principale sans doublon fictif. Les provinces régionales (Île-de-France, Bourgogne…) reçoivent leurs sièges historiques (Paris, Dijon…). Populations en unités PopData (échelle sim), classées par importance relative historique — pas des effectifs d'historien.
demographic_policy=included_in_provincial_pops
choice=urban_population_INCLUDED_in_provincial_pops (CityData.Population is a share label; PopData untouched)
cities_seeded=204 provinces_with_cities=50 missing_province=0 scaled_provinces=1
urban_total=14445 world_pop_before=129200 world_pop_after=129200 delta_world_pop=0 urban_share=11,18%
extensibility: buildings→CityId; growth→CityData.Population; new cities→CreateEntity+ProvinceCity; districts→buffer on City
--- cities_per_province ---
  province=1 cities=11
  province=2 cities=4
  province=3 cities=6
  province=4 cities=5
  province=5 cities=12
  province=6 cities=9
  province=7 cities=11
  province=8 cities=15
  province=9 cities=5
  province=10 cities=9
  province=11 cities=2
  province=12 cities=2
  province=13 cities=3
  province=14 cities=2
  province=15 cities=2
  province=16 cities=3
  province=17 cities=2
  province=18 cities=25
  province=19 cities=3
  province=20 cities=3
  province=21 cities=3
  province=22 cities=3
  province=23 cities=2
  province=24 cities=2
  province=25 cities=1
  province=26 cities=3
  province=27 cities=3
  province=28 cities=3
  province=29 cities=3
  province=30 cities=2
  province=31 cities=2
  province=32 cities=2
  province=33 cities=2
  province=34 cities=2
  province=35 cities=2
  province=36 cities=2
  province=37 cities=2
  province=38 cities=2
  province=39 cities=3
  province=40 cities=3
  province=41 cities=2
  province=42 cities=2
  province=43 cities=2
  province=44 cities=3
  province=45 cities=2
  province=46 cities=2
  province=47 cities=2
  province=48 cities=3
  province=49 cities=3
  province=50 cities=2
--- urban_per_owner_tag ---
  owner=ARA urban=263
  owner=AUS urban=2807
  owner=BOH urban=209
  owner=BUR urban=483
  owner=BYZ urban=314
  owner=CAS urban=714
  owner=DAN urban=255
  owner=ENG urban=1965
  owner=FLO urban=393
  owner=FRA urban=3608
  owner=GEN urban=230
  owner=HUN urban=412
  owner=MIL urban=390
  owner=NAP urban=616
  owner=OTT urban=678
  owner=POL urban=438
  owner=POR urban=177
  owner=SCO urban=108
  owner=SWE urban=119
  owner=VEN urban=266

BuildingInitSystem seed: total=174 city_seed_coeff=0 Farm=94 Sawmill=4 Workshop=76
BuildingInitSystem: catalogue=3 types, bâtiments semés=174 city_seed_coeff=0
PhysicalEndowmentInitSystem: 50 provinces dotées, 96 activités, 19 multi-biens, scale=2000
Découplage: activités hors GoodId du ProductionSite LOD produisent à BaseCapacity (pas de plafond LastOutput). Site LOD inchangé.
Formule: v1_025: BaseCapacity = relative_intensity × climate_mod × DevScore × production_scale. DevScore = max(1, (Tax+Production+Manpower)/3) — même score que transport v1_024. production_scale=2000 aligné LOD. PAS de typeYield Food (évite inondation stocks / dérive float). Table = RawMaterial UNIQUEMENT (wool/iron/coal/wood) : les Food/Luxury/Manufactured restent au LOD. Objectif: capacité MONDIALE des intrants ≥ demande transformée, concentration GÉOGRAPHIQUE (laine=Hills+Arid, charbon=Mountains+Hills, bois=Cold/Forest/Hills).

LawInitSystem: 23 lois créées (ordre LawId)
'VictoriaGame.Population.PopGrowthSystem' creates a query during OnUpdate. Please create queries in OnCreate and store them in the system for use in OnUpdate instead. This is significantly faster.
PhysicalProductionSystem: outlet_cap_intensity=1 storage_months=3 (depuis JSON)
BuildingConstructionSystem: capacity_intensity=1 (depuis JSON)
]]></output>
            </test-case>
            <test-case id="1237" name="V1073_C_OverlapZero_PairedWithFloorAndCapitals" fullname="VictoriaGame.Tests.V1073LabelZoomTests.V1073_C_OverlapZero_PairedWithFloorAndCapitals" methodname="V1073_C_OverlapZero_PairedWithFloorAndCapitals" classname="VictoriaGame.Tests.V1073LabelZoomTests" runstate="Runnable" seed="1888261536" result="Passed" start-time="2026-07-28 18:15:31Z" end-time="2026-07-28 18:15:35Z" duration="4.424521" asserts="0">
              <properties>
                <property name="retryIteration" value="0" />
                <property name="repeatIteration" value="0" />
              </properties>
              <output><![CDATA[PhysicalProductionSystem: outlet_cap_intensity=1 storage_months=3 (depuis JSON)
PopGrowthSystem: response_continuity=0,5 (depuis JSON; justification=v1_026 redescente: c=1 (même à w=0.25) casse V1016/17 (armée t3000). ADOPTÉ c=0.5 w=0.25: grille pop=154437 ratio=0.985 army=24057. Palier w=0.5 sous c=1 prouvé mais non livré. c=0 = escalier bit-identique.)
BuildingConstructionSystem: capacity_intensity=1 (depuis JSON)
BuildingAiSystem: mode=Active budget_reserve=0 (règle ByDeficitSeverity — gaps Food/Cloth + déficit bois observés ; émission si trésorerie OK ; stocks = juge chantier, pas pré-filtre IA)
GoodInitSystem: 15 biens créés
CountryInitSystem: 20 pays crees
CountryInitSystem: 20 capitales résolues et possédées à t0 (owner_tag).
MapInitSystem: 50 provinces créées
MilitaryInitSystem: 20 gabarits, 20 dépôts, 20 armées
ProvinceOwnershipInitSystem: 50 provinces rattachées à leur pays
ArmyGroupInitSystem: 20 groupes, 20 armées rattachées
SeaZoneInitSystem: 14 zones maritimes créées
FortInitSystem: 20 forts créés sur les capitales
ProductionSiteInitSystem: 50 sites de production créés
PhysicalStockInitSystem: recettes de production physique:
  cloth(id=8) <- 1 wool(id=6)
  tools(id=9) <- 0,5 iron(id=5) + 0,5 wood(id=4)
  weapons(id=10) <- 0,8 iron(id=5) + 0,4 coal(id=7)
  paper(id=11) <- 1,2 wood(id=4)
Justification ratios: Ratios early-modern plausibles (affinables): cloth 1:1 wool (masse filée/tissée); tools 0.5 iron + 0.5 wood (tête + manche); weapons 0.8 iron + 0.4 coal (forge); paper 1.2 wood (perte pulpe). Primaires (grain/fish/livestock/wood/iron/wool/coal) et luxes sans recette = extraction sans intrant transformé.

PhysicalStockInitSystem: 50 provinces stockées, 3 isolée(s) du réseau terrestre (détroits exclus), capacity=500 perDev=2400,643 delay=1
=== CityInitSystem v1_036 ===
criterion=Villes d'importance politique, commerciale, religieuse ou démographique attestées vers 1400 dans le périmètre des 50 provinces. Une province qui porte déjà un nom de ville (London, Venice…) reçoit cette ville comme principale sans doublon fictif. Les provinces régionales (Île-de-France, Bourgogne…) reçoivent leurs sièges historiques (Paris, Dijon…). Populations en unités PopData (échelle sim), classées par importance relative historique — pas des effectifs d'historien.
demographic_policy=included_in_provincial_pops
choice=urban_population_INCLUDED_in_provincial_pops (CityData.Population is a share label; PopData untouched)
cities_seeded=204 provinces_with_cities=50 missing_province=0 scaled_provinces=1
urban_total=14445 world_pop_before=129200 world_pop_after=129200 delta_world_pop=0 urban_share=11,18%
extensibility: buildings→CityId; growth→CityData.Population; new cities→CreateEntity+ProvinceCity; districts→buffer on City
--- cities_per_province ---
  province=1 cities=11
  province=2 cities=4
  province=3 cities=6
  province=4 cities=5
  province=5 cities=12
  province=6 cities=9
  province=7 cities=11
  province=8 cities=15
  province=9 cities=5
  province=10 cities=9
  province=11 cities=2
  province=12 cities=2
  province=13 cities=3
  province=14 cities=2
  province=15 cities=2
  province=16 cities=3
  province=17 cities=2
  province=18 cities=25
  province=19 cities=3
  province=20 cities=3
  province=21 cities=3
  province=22 cities=3
  province=23 cities=2
  province=24 cities=2
  province=25 cities=1
  province=26 cities=3
  province=27 cities=3
  province=28 cities=3
  province=29 cities=3
  province=30 cities=2
  province=31 cities=2
  province=32 cities=2
  province=33 cities=2
  province=34 cities=2
  province=35 cities=2
  province=36 cities=2
  province=37 cities=2
  province=38 cities=2
  province=39 cities=3
  province=40 cities=3
  province=41 cities=2
  province=42 cities=2
  province=43 cities=2
  province=44 cities=3
  province=45 cities=2
  province=46 cities=2
  province=47 cities=2
  province=48 cities=3
  province=49 cities=3
  province=50 cities=2
--- urban_per_owner_tag ---
  owner=ARA urban=263
  owner=AUS urban=2807
  owner=BOH urban=209
  owner=BUR urban=483
  owner=BYZ urban=314
  owner=CAS urban=714
  owner=DAN urban=255
  owner=ENG urban=1965
  owner=FLO urban=393
  owner=FRA urban=3608
  owner=GEN urban=230
  owner=HUN urban=412
  owner=MIL urban=390
  owner=NAP urban=616
  owner=OTT urban=678
  owner=POL urban=438
  owner=POR urban=177
  owner=SCO urban=108
  owner=SWE urban=119
  owner=VEN urban=266

BuildingInitSystem seed: total=174 city_seed_coeff=0 Farm=94 Sawmill=4 Workshop=76
BuildingInitSystem: catalogue=3 types, bâtiments semés=174 city_seed_coeff=0
PhysicalEndowmentInitSystem: 50 provinces dotées, 96 activités, 19 multi-biens, scale=2000
Découplage: activités hors GoodId du ProductionSite LOD produisent à BaseCapacity (pas de plafond LastOutput). Site LOD inchangé.
Formule: v1_025: BaseCapacity = relative_intensity × climate_mod × DevScore × production_scale. DevScore = max(1, (Tax+Production+Manpower)/3) — même score que transport v1_024. production_scale=2000 aligné LOD. PAS de typeYield Food (évite inondation stocks / dérive float). Table = RawMaterial UNIQUEMENT (wool/iron/coal/wood) : les Food/Luxury/Manufactured restent au LOD. Objectif: capacité MONDIALE des intrants ≥ demande transformée, concentration GÉOGRAPHIQUE (laine=Hills+Arid, charbon=Mountains+Hills, bois=Cold/Forest/Hills).

LawInitSystem: 23 lois créées (ordre LawId)
'VictoriaGame.Population.PopGrowthSystem' creates a query during OnUpdate. Please create queries in OnCreate and store them in the system for use in OnUpdate instead. This is significantly faster.
PhysicalProductionSystem: outlet_cap_intensity=1 storage_months=3 (depuis JSON)
BuildingConstructionSystem: capacity_intensity=1 (depuis JSON)
]]></output>
            </test-case>
            <test-case id="1238" name="V1073_D_NeutralSettings_BitIdentical" fullname="VictoriaGame.Tests.V1073LabelZoomTests.V1073_D_NeutralSettings_BitIdentical" methodname="V1073_D_NeutralSettings_BitIdentical" classname="VictoriaGame.Tests.V1073LabelZoomTests" runstate="Runnable" seed="1122655846" result="Passed" start-time="2026-07-28 18:15:35Z" end-time="2026-07-28 18:15:39Z" duration="3.887389" asserts="0">
              <properties>
                <property name="retryIteration" value="0" />
                <property name="repeatIteration" value="0" />
              </properties>
              <output><![CDATA[PhysicalProductionSystem: outlet_cap_intensity=1 storage_months=3 (depuis JSON)
PopGrowthSystem: response_continuity=0,5 (depuis JSON; justification=v1_026 redescente: c=1 (même à w=0.25) casse V1016/17 (armée t3000). ADOPTÉ c=0.5 w=0.25: grille pop=154437 ratio=0.985 army=24057. Palier w=0.5 sous c=1 prouvé mais non livré. c=0 = escalier bit-identique.)
BuildingConstructionSystem: capacity_intensity=1 (depuis JSON)
BuildingAiSystem: mode=Active budget_reserve=0 (règle ByDeficitSeverity — gaps Food/Cloth + déficit bois observés ; émission si trésorerie OK ; stocks = juge chantier, pas pré-filtre IA)
GoodInitSystem: 15 biens créés
CountryInitSystem: 20 pays crees
CountryInitSystem: 20 capitales résolues et possédées à t0 (owner_tag).
MapInitSystem: 50 provinces créées
MilitaryInitSystem: 20 gabarits, 20 dépôts, 20 armées
ProvinceOwnershipInitSystem: 50 provinces rattachées à leur pays
ArmyGroupInitSystem: 20 groupes, 20 armées rattachées
SeaZoneInitSystem: 14 zones maritimes créées
FortInitSystem: 20 forts créés sur les capitales
ProductionSiteInitSystem: 50 sites de production créés
PhysicalStockInitSystem: recettes de production physique:
  cloth(id=8) <- 1 wool(id=6)
  tools(id=9) <- 0,5 iron(id=5) + 0,5 wood(id=4)
  weapons(id=10) <- 0,8 iron(id=5) + 0,4 coal(id=7)
  paper(id=11) <- 1,2 wood(id=4)
Justification ratios: Ratios early-modern plausibles (affinables): cloth 1:1 wool (masse filée/tissée); tools 0.5 iron + 0.5 wood (tête + manche); weapons 0.8 iron + 0.4 coal (forge); paper 1.2 wood (perte pulpe). Primaires (grain/fish/livestock/wood/iron/wool/coal) et luxes sans recette = extraction sans intrant transformé.

PhysicalStockInitSystem: 50 provinces stockées, 3 isolée(s) du réseau terrestre (détroits exclus), capacity=500 perDev=2400,643 delay=1
=== CityInitSystem v1_036 ===
criterion=Villes d'importance politique, commerciale, religieuse ou démographique attestées vers 1400 dans le périmètre des 50 provinces. Une province qui porte déjà un nom de ville (London, Venice…) reçoit cette ville comme principale sans doublon fictif. Les provinces régionales (Île-de-France, Bourgogne…) reçoivent leurs sièges historiques (Paris, Dijon…). Populations en unités PopData (échelle sim), classées par importance relative historique — pas des effectifs d'historien.
demographic_policy=included_in_provincial_pops
choice=urban_population_INCLUDED_in_provincial_pops (CityData.Population is a share label; PopData untouched)
cities_seeded=204 provinces_with_cities=50 missing_province=0 scaled_provinces=1
urban_total=14445 world_pop_before=129200 world_pop_after=129200 delta_world_pop=0 urban_share=11,18%
extensibility: buildings→CityId; growth→CityData.Population; new cities→CreateEntity+ProvinceCity; districts→buffer on City
--- cities_per_province ---
  province=1 cities=11
  province=2 cities=4
  province=3 cities=6
  province=4 cities=5
  province=5 cities=12
  province=6 cities=9
  province=7 cities=11
  province=8 cities=15
  province=9 cities=5
  province=10 cities=9
  province=11 cities=2
  province=12 cities=2
  province=13 cities=3
  province=14 cities=2
  province=15 cities=2
  province=16 cities=3
  province=17 cities=2
  province=18 cities=25
  province=19 cities=3
  province=20 cities=3
  province=21 cities=3
  province=22 cities=3
  province=23 cities=2
  province=24 cities=2
  province=25 cities=1
  province=26 cities=3
  province=27 cities=3
  province=28 cities=3
  province=29 cities=3
  province=30 cities=2
  province=31 cities=2
  province=32 cities=2
  province=33 cities=2
  province=34 cities=2
  province=35 cities=2
  province=36 cities=2
  province=37 cities=2
  province=38 cities=2
  province=39 cities=3
  province=40 cities=3
  province=41 cities=2
  province=42 cities=2
  province=43 cities=2
  province=44 cities=3
  province=45 cities=2
  province=46 cities=2
  province=47 cities=2
  province=48 cities=3
  province=49 cities=3
  province=50 cities=2
--- urban_per_owner_tag ---
  owner=ARA urban=263
  owner=AUS urban=2807
  owner=BOH urban=209
  owner=BUR urban=483
  owner=BYZ urban=314
  owner=CAS urban=714
  owner=DAN urban=255
  owner=ENG urban=1965
  owner=FLO urban=393
  owner=FRA urban=3608
  owner=GEN urban=230
  owner=HUN urban=412
  owner=MIL urban=390
  owner=NAP urban=616
  owner=OTT urban=678
  owner=POL urban=438
  owner=POR urban=177
  owner=SCO urban=108
  owner=SWE urban=119
  owner=VEN urban=266

BuildingInitSystem seed: total=174 city_seed_coeff=0 Farm=94 Sawmill=4 Workshop=76
BuildingInitSystem: catalogue=3 types, bâtiments semés=174 city_seed_coeff=0
PhysicalEndowmentInitSystem: 50 provinces dotées, 96 activités, 19 multi-biens, scale=2000
Découplage: activités hors GoodId du ProductionSite LOD produisent à BaseCapacity (pas de plafond LastOutput). Site LOD inchangé.
Formule: v1_025: BaseCapacity = relative_intensity × climate_mod × DevScore × production_scale. DevScore = max(1, (Tax+Production+Manpower)/3) — même score que transport v1_024. production_scale=2000 aligné LOD. PAS de typeYield Food (évite inondation stocks / dérive float). Table = RawMaterial UNIQUEMENT (wool/iron/coal/wood) : les Food/Luxury/Manufactured restent au LOD. Objectif: capacité MONDIALE des intrants ≥ demande transformée, concentration GÉOGRAPHIQUE (laine=Hills+Arid, charbon=Mountains+Hills, bois=Cold/Forest/Hills).

LawInitSystem: 23 lois créées (ordre LawId)
'VictoriaGame.Population.PopGrowthSystem' creates a query during OnUpdate. Please create queries in OnCreate and store them in the system for use in OnUpdate instead. This is significantly faster.
PhysicalProductionSystem: outlet_cap_intensity=1 storage_months=3 (depuis JSON)
BuildingConstructionSystem: capacity_intensity=1 (depuis JSON)
]]></output>
            </test-case>
            <test-case id="1239" name="V1073_E_TextGrowsAcrossLevels" fullname="VictoriaGame.Tests.V1073LabelZoomTests.V1073_E_TextGrowsAcrossLevels" methodname="V1073_E_TextGrowsAcrossLevels" classname="VictoriaGame.Tests.V1073LabelZoomTests" runstate="Runnable" seed="347665361" result="Passed" start-time="2026-07-28 18:15:39Z" end-time="2026-07-28 18:15:39Z" duration="0.000175" asserts="0">
              <properties>
                <property name="retryIteration" value="0" />
                <property name="repeatIteration" value="0" />
              </properties>
            </test-case>
          </test-suite>
          <test-suite type="TestFixture" id="1255" name="V1076OverlayTests" fullname="VictoriaGame.Tests.V1076OverlayTests" classname="VictoriaGame.Tests.V1076OverlayTests" runstate="Runnable" testcasecount="6" result="Passed" start-time="2026-07-28 18:15:39Z" end-time="2026-07-28 18:16:08Z" duration="28.905494" total="6" passed="6" failed="0" inconclusive="0" skipped="0" asserts="0">
            <properties />
            <test-case id="1256" name="V1076_A_NoSpriteOnNonLand" fullname="VictoriaGame.Tests.V1076OverlayTests.V1076_A_NoSpriteOnNonLand" methodname="V1076_A_NoSpriteOnNonLand" classname="VictoriaGame.Tests.V1076OverlayTests" runstate="Runnable" seed="1445834531" result="Passed" start-time="2026-07-28 18:15:39Z" end-time="2026-07-28 18:15:44Z" duration="4.986157" asserts="0">
              <properties>
                <property name="retryIteration" value="0" />
                <property name="repeatIteration" value="0" />
              </properties>
              <output><![CDATA[PhysicalProductionSystem: outlet_cap_intensity=1 storage_months=3 (depuis JSON)
PopGrowthSystem: response_continuity=0,5 (depuis JSON; justification=v1_026 redescente: c=1 (même à w=0.25) casse V1016/17 (armée t3000). ADOPTÉ c=0.5 w=0.25: grille pop=154437 ratio=0.985 army=24057. Palier w=0.5 sous c=1 prouvé mais non livré. c=0 = escalier bit-identique.)
BuildingConstructionSystem: capacity_intensity=1 (depuis JSON)
BuildingAiSystem: mode=Active budget_reserve=0 (règle ByDeficitSeverity — gaps Food/Cloth + déficit bois observés ; émission si trésorerie OK ; stocks = juge chantier, pas pré-filtre IA)
GoodInitSystem: 15 biens créés
CountryInitSystem: 20 pays crees
CountryInitSystem: 20 capitales résolues et possédées à t0 (owner_tag).
MapInitSystem: 50 provinces créées
MilitaryInitSystem: 20 gabarits, 20 dépôts, 20 armées
ProvinceOwnershipInitSystem: 50 provinces rattachées à leur pays
ArmyGroupInitSystem: 20 groupes, 20 armées rattachées
SeaZoneInitSystem: 14 zones maritimes créées
FortInitSystem: 20 forts créés sur les capitales
ProductionSiteInitSystem: 50 sites de production créés
PhysicalStockInitSystem: recettes de production physique:
  cloth(id=8) <- 1 wool(id=6)
  tools(id=9) <- 0,5 iron(id=5) + 0,5 wood(id=4)
  weapons(id=10) <- 0,8 iron(id=5) + 0,4 coal(id=7)
  paper(id=11) <- 1,2 wood(id=4)
Justification ratios: Ratios early-modern plausibles (affinables): cloth 1:1 wool (masse filée/tissée); tools 0.5 iron + 0.5 wood (tête + manche); weapons 0.8 iron + 0.4 coal (forge); paper 1.2 wood (perte pulpe). Primaires (grain/fish/livestock/wood/iron/wool/coal) et luxes sans recette = extraction sans intrant transformé.

PhysicalStockInitSystem: 50 provinces stockées, 3 isolée(s) du réseau terrestre (détroits exclus), capacity=500 perDev=2400,643 delay=1
=== CityInitSystem v1_036 ===
criterion=Villes d'importance politique, commerciale, religieuse ou démographique attestées vers 1400 dans le périmètre des 50 provinces. Une province qui porte déjà un nom de ville (London, Venice…) reçoit cette ville comme principale sans doublon fictif. Les provinces régionales (Île-de-France, Bourgogne…) reçoivent leurs sièges historiques (Paris, Dijon…). Populations en unités PopData (échelle sim), classées par importance relative historique — pas des effectifs d'historien.
demographic_policy=included_in_provincial_pops
choice=urban_population_INCLUDED_in_provincial_pops (CityData.Population is a share label; PopData untouched)
cities_seeded=204 provinces_with_cities=50 missing_province=0 scaled_provinces=1
urban_total=14445 world_pop_before=129200 world_pop_after=129200 delta_world_pop=0 urban_share=11,18%
extensibility: buildings→CityId; growth→CityData.Population; new cities→CreateEntity+ProvinceCity; districts→buffer on City
--- cities_per_province ---
  province=1 cities=11
  province=2 cities=4
  province=3 cities=6
  province=4 cities=5
  province=5 cities=12
  province=6 cities=9
  province=7 cities=11
  province=8 cities=15
  province=9 cities=5
  province=10 cities=9
  province=11 cities=2
  province=12 cities=2
  province=13 cities=3
  province=14 cities=2
  province=15 cities=2
  province=16 cities=3
  province=17 cities=2
  province=18 cities=25
  province=19 cities=3
  province=20 cities=3
  province=21 cities=3
  province=22 cities=3
  province=23 cities=2
  province=24 cities=2
  province=25 cities=1
  province=26 cities=3
  province=27 cities=3
  province=28 cities=3
  province=29 cities=3
  province=30 cities=2
  province=31 cities=2
  province=32 cities=2
  province=33 cities=2
  province=34 cities=2
  province=35 cities=2
  province=36 cities=2
  province=37 cities=2
  province=38 cities=2
  province=39 cities=3
  province=40 cities=3
  province=41 cities=2
  province=42 cities=2
  province=43 cities=2
  province=44 cities=3
  province=45 cities=2
  province=46 cities=2
  province=47 cities=2
  province=48 cities=3
  province=49 cities=3
  province=50 cities=2
--- urban_per_owner_tag ---
  owner=ARA urban=263
  owner=AUS urban=2807
  owner=BOH urban=209
  owner=BUR urban=483
  owner=BYZ urban=314
  owner=CAS urban=714
  owner=DAN urban=255
  owner=ENG urban=1965
  owner=FLO urban=393
  owner=FRA urban=3608
  owner=GEN urban=230
  owner=HUN urban=412
  owner=MIL urban=390
  owner=NAP urban=616
  owner=OTT urban=678
  owner=POL urban=438
  owner=POR urban=177
  owner=SCO urban=108
  owner=SWE urban=119
  owner=VEN urban=266

BuildingInitSystem seed: total=174 city_seed_coeff=0 Farm=94 Sawmill=4 Workshop=76
BuildingInitSystem: catalogue=3 types, bâtiments semés=174 city_seed_coeff=0
PhysicalEndowmentInitSystem: 50 provinces dotées, 96 activités, 19 multi-biens, scale=2000
Découplage: activités hors GoodId du ProductionSite LOD produisent à BaseCapacity (pas de plafond LastOutput). Site LOD inchangé.
Formule: v1_025: BaseCapacity = relative_intensity × climate_mod × DevScore × production_scale. DevScore = max(1, (Tax+Production+Manpower)/3) — même score que transport v1_024. production_scale=2000 aligné LOD. PAS de typeYield Food (évite inondation stocks / dérive float). Table = RawMaterial UNIQUEMENT (wool/iron/coal/wood) : les Food/Luxury/Manufactured restent au LOD. Objectif: capacité MONDIALE des intrants ≥ demande transformée, concentration GÉOGRAPHIQUE (laine=Hills+Arid, charbon=Mountains+Hills, bois=Cold/Forest/Hills).

LawInitSystem: 23 lois créées (ordre LawId)
'VictoriaGame.Population.PopGrowthSystem' creates a query during OnUpdate. Please create queries in OnCreate and store them in the system for use in OnUpdate instead. This is significantly faster.
PhysicalProductionSystem: outlet_cap_intensity=1 storage_months=3 (depuis JSON)
BuildingConstructionSystem: capacity_intensity=1 (depuis JSON)
PhysicalProductionSystem: outlet_cap_intensity=1 storage_months=3 (depuis JSON)
PopGrowthSystem: response_continuity=0,5 (depuis JSON; justification=v1_026 redescente: c=1 (même à w=0.25) casse V1016/17 (armée t3000). ADOPTÉ c=0.5 w=0.25: grille pop=154437 ratio=0.985 army=24057. Palier w=0.5 sous c=1 prouvé mais non livré. c=0 = escalier bit-identique.)
BuildingConstructionSystem: capacity_intensity=1 (depuis JSON)
BuildingAiSystem: mode=Active budget_reserve=0 (règle ByDeficitSeverity — gaps Food/Cloth + déficit bois observés ; émission si trésorerie OK ; stocks = juge chantier, pas pré-filtre IA)
GoodInitSystem: 15 biens créés
CountryInitSystem: 20 pays crees
CountryInitSystem: 20 capitales résolues et possédées à t0 (owner_tag).
MapInitSystem: 50 provinces créées
MilitaryInitSystem: 20 gabarits, 20 dépôts, 20 armées
ProvinceOwnershipInitSystem: 50 provinces rattachées à leur pays
ArmyGroupInitSystem: 20 groupes, 20 armées rattachées
SeaZoneInitSystem: 14 zones maritimes créées
FortInitSystem: 20 forts créés sur les capitales
ProductionSiteInitSystem: 50 sites de production créés
PhysicalStockInitSystem: recettes de production physique:
  cloth(id=8) <- 1 wool(id=6)
  tools(id=9) <- 0,5 iron(id=5) + 0,5 wood(id=4)
  weapons(id=10) <- 0,8 iron(id=5) + 0,4 coal(id=7)
  paper(id=11) <- 1,2 wood(id=4)
Justification ratios: Ratios early-modern plausibles (affinables): cloth 1:1 wool (masse filée/tissée); tools 0.5 iron + 0.5 wood (tête + manche); weapons 0.8 iron + 0.4 coal (forge); paper 1.2 wood (perte pulpe). Primaires (grain/fish/livestock/wood/iron/wool/coal) et luxes sans recette = extraction sans intrant transformé.

PhysicalStockInitSystem: 50 provinces stockées, 3 isolée(s) du réseau terrestre (détroits exclus), capacity=500 perDev=2400,643 delay=1
=== CityInitSystem v1_036 ===
criterion=Villes d'importance politique, commerciale, religieuse ou démographique attestées vers 1400 dans le périmètre des 50 provinces. Une province qui porte déjà un nom de ville (London, Venice…) reçoit cette ville comme principale sans doublon fictif. Les provinces régionales (Île-de-France, Bourgogne…) reçoivent leurs sièges historiques (Paris, Dijon…). Populations en unités PopData (échelle sim), classées par importance relative historique — pas des effectifs d'historien.
demographic_policy=included_in_provincial_pops
choice=urban_population_INCLUDED_in_provincial_pops (CityData.Population is a share label; PopData untouched)
cities_seeded=204 provinces_with_cities=50 missing_province=0 scaled_provinces=1
urban_total=14445 world_pop_before=129200 world_pop_after=129200 delta_world_pop=0 urban_share=11,18%
extensibility: buildings→CityId; growth→CityData.Population; new cities→CreateEntity+ProvinceCity; districts→buffer on City
--- cities_per_province ---
  province=1 cities=11
  province=2 cities=4
  province=3 cities=6
  province=4 cities=5
  province=5 cities=12
  province=6 cities=9
  province=7 cities=11
  province=8 cities=15
  province=9 cities=5
  province=10 cities=9
  province=11 cities=2
  province=12 cities=2
  province=13 cities=3
  province=14 cities=2
  province=15 cities=2
  province=16 cities=3
  province=17 cities=2
  province=18 cities=25
  province=19 cities=3
  province=20 cities=3
  province=21 cities=3
  province=22 cities=3
  province=23 cities=2
  province=24 cities=2
  province=25 cities=1
  province=26 cities=3
  province=27 cities=3
  province=28 cities=3
  province=29 cities=3
  province=30 cities=2
  province=31 cities=2
  province=32 cities=2
  province=33 cities=2
  province=34 cities=2
  province=35 cities=2
  province=36 cities=2
  province=37 cities=2
  province=38 cities=2
  province=39 cities=3
  province=40 cities=3
  province=41 cities=2
  province=42 cities=2
  province=43 cities=2
  province=44 cities=3
  province=45 cities=2
  province=46 cities=2
  province=47 cities=2
  province=48 cities=3
  province=49 cities=3
  province=50 cities=2
--- urban_per_owner_tag ---
  owner=ARA urban=263
  owner=AUS urban=2807
  owner=BOH urban=209
  owner=BUR urban=483
  owner=BYZ urban=314
  owner=CAS urban=714
  owner=DAN urban=255
  owner=ENG urban=1965
  owner=FLO urban=393
  owner=FRA urban=3608
  owner=GEN urban=230
  owner=HUN urban=412
  owner=MIL urban=390
  owner=NAP urban=616
  owner=OTT urban=678
  owner=POL urban=438
  owner=POR urban=177
  owner=SCO urban=108
  owner=SWE urban=119
  owner=VEN urban=266

BuildingInitSystem seed: total=174 city_seed_coeff=0 Farm=94 Sawmill=4 Workshop=76
BuildingInitSystem: catalogue=3 types, bâtiments semés=174 city_seed_coeff=0
PhysicalEndowmentInitSystem: 50 provinces dotées, 96 activités, 19 multi-biens, scale=2000
Découplage: activités hors GoodId du ProductionSite LOD produisent à BaseCapacity (pas de plafond LastOutput). Site LOD inchangé.
Formule: v1_025: BaseCapacity = relative_intensity × climate_mod × DevScore × production_scale. DevScore = max(1, (Tax+Production+Manpower)/3) — même score que transport v1_024. production_scale=2000 aligné LOD. PAS de typeYield Food (évite inondation stocks / dérive float). Table = RawMaterial UNIQUEMENT (wool/iron/coal/wood) : les Food/Luxury/Manufactured restent au LOD. Objectif: capacité MONDIALE des intrants ≥ demande transformée, concentration GÉOGRAPHIQUE (laine=Hills+Arid, charbon=Mountains+Hills, bois=Cold/Forest/Hills).

LawInitSystem: 23 lois créées (ordre LawId)
'VictoriaGame.Population.PopGrowthSystem' creates a query during OnUpdate. Please create queries in OnCreate and store them in the system for use in OnUpdate instead. This is significantly faster.
PhysicalProductionSystem: outlet_cap_intensity=1 storage_months=3 (depuis JSON)
BuildingConstructionSystem: capacity_intensity=1 (depuis JSON)
]]></output>
            </test-case>
            <test-case id="1261" name="V1076_Artifacts_And_Verdict" fullname="VictoriaGame.Tests.V1076OverlayTests.V1076_Artifacts_And_Verdict" methodname="V1076_Artifacts_And_Verdict" classname="VictoriaGame.Tests.V1076OverlayTests" runstate="Runnable" seed="264845607" result="Passed" start-time="2026-07-28 18:15:44Z" end-time="2026-07-28 18:15:59Z" duration="14.937600" asserts="0">
              <properties>
                <property name="retryIteration" value="0" />
                <property name="repeatIteration" value="0" />
              </properties>
              <output><![CDATA[MapSpriteCatalog: found=26 converted=25 discarded=5 root=C:\Users\liagr\VictoriaProject-assets\game_unity\Assets\Art\Models cache=C:\Users\liagr\VictoriaProject\game_unity\PresentationCache\Sprites
PhysicalProductionSystem: outlet_cap_intensity=1 storage_months=3 (depuis JSON)
PopGrowthSystem: response_continuity=0,5 (depuis JSON; justification=v1_026 redescente: c=1 (même à w=0.25) casse V1016/17 (armée t3000). ADOPTÉ c=0.5 w=0.25: grille pop=154437 ratio=0.985 army=24057. Palier w=0.5 sous c=1 prouvé mais non livré. c=0 = escalier bit-identique.)
BuildingConstructionSystem: capacity_intensity=1 (depuis JSON)
BuildingAiSystem: mode=Active budget_reserve=0 (règle ByDeficitSeverity — gaps Food/Cloth + déficit bois observés ; émission si trésorerie OK ; stocks = juge chantier, pas pré-filtre IA)
GoodInitSystem: 15 biens créés
CountryInitSystem: 20 pays crees
CountryInitSystem: 20 capitales résolues et possédées à t0 (owner_tag).
MapInitSystem: 50 provinces créées
MilitaryInitSystem: 20 gabarits, 20 dépôts, 20 armées
ProvinceOwnershipInitSystem: 50 provinces rattachées à leur pays
ArmyGroupInitSystem: 20 groupes, 20 armées rattachées
SeaZoneInitSystem: 14 zones maritimes créées
FortInitSystem: 20 forts créés sur les capitales
ProductionSiteInitSystem: 50 sites de production créés
PhysicalStockInitSystem: recettes de production physique:
  cloth(id=8) <- 1 wool(id=6)
  tools(id=9) <- 0,5 iron(id=5) + 0,5 wood(id=4)
  weapons(id=10) <- 0,8 iron(id=5) + 0,4 coal(id=7)
  paper(id=11) <- 1,2 wood(id=4)
Justification ratios: Ratios early-modern plausibles (affinables): cloth 1:1 wool (masse filée/tissée); tools 0.5 iron + 0.5 wood (tête + manche); weapons 0.8 iron + 0.4 coal (forge); paper 1.2 wood (perte pulpe). Primaires (grain/fish/livestock/wood/iron/wool/coal) et luxes sans recette = extraction sans intrant transformé.

PhysicalStockInitSystem: 50 provinces stockées, 3 isolée(s) du réseau terrestre (détroits exclus), capacity=500 perDev=2400,643 delay=1
=== CityInitSystem v1_036 ===
criterion=Villes d'importance politique, commerciale, religieuse ou démographique attestées vers 1400 dans le périmètre des 50 provinces. Une province qui porte déjà un nom de ville (London, Venice…) reçoit cette ville comme principale sans doublon fictif. Les provinces régionales (Île-de-France, Bourgogne…) reçoivent leurs sièges historiques (Paris, Dijon…). Populations en unités PopData (échelle sim), classées par importance relative historique — pas des effectifs d'historien.
demographic_policy=included_in_provincial_pops
choice=urban_population_INCLUDED_in_provincial_pops (CityData.Population is a share label; PopData untouched)
cities_seeded=204 provinces_with_cities=50 missing_province=0 scaled_provinces=1
urban_total=14445 world_pop_before=129200 world_pop_after=129200 delta_world_pop=0 urban_share=11,18%
extensibility: buildings→CityId; growth→CityData.Population; new cities→CreateEntity+ProvinceCity; districts→buffer on City
--- cities_per_province ---
  province=1 cities=11
  province=2 cities=4
  province=3 cities=6
  province=4 cities=5
  province=5 cities=12
  province=6 cities=9
  province=7 cities=11
  province=8 cities=15
  province=9 cities=5
  province=10 cities=9
  province=11 cities=2
  province=12 cities=2
  province=13 cities=3
  province=14 cities=2
  province=15 cities=2
  province=16 cities=3
  province=17 cities=2
  province=18 cities=25
  province=19 cities=3
  province=20 cities=3
  province=21 cities=3
  province=22 cities=3
  province=23 cities=2
  province=24 cities=2
  province=25 cities=1
  province=26 cities=3
  province=27 cities=3
  province=28 cities=3
  province=29 cities=3
  province=30 cities=2
  province=31 cities=2
  province=32 cities=2
  province=33 cities=2
  province=34 cities=2
  province=35 cities=2
  province=36 cities=2
  province=37 cities=2
  province=38 cities=2
  province=39 cities=3
  province=40 cities=3
  province=41 cities=2
  province=42 cities=2
  province=43 cities=2
  province=44 cities=3
  province=45 cities=2
  province=46 cities=2
  province=47 cities=2
  province=48 cities=3
  province=49 cities=3
  province=50 cities=2
--- urban_per_owner_tag ---
  owner=ARA urban=263
  owner=AUS urban=2807
  owner=BOH urban=209
  owner=BUR urban=483
  owner=BYZ urban=314
  owner=CAS urban=714
  owner=DAN urban=255
  owner=ENG urban=1965
  owner=FLO urban=393
  owner=FRA urban=3608
  owner=GEN urban=230
  owner=HUN urban=412
  owner=MIL urban=390
  owner=NAP urban=616
  owner=OTT urban=678
  owner=POL urban=438
  owner=POR urban=177
  owner=SCO urban=108
  owner=SWE urban=119
  owner=VEN urban=266

BuildingInitSystem seed: total=174 city_seed_coeff=0 Farm=94 Sawmill=4 Workshop=76
BuildingInitSystem: catalogue=3 types, bâtiments semés=174 city_seed_coeff=0
PhysicalEndowmentInitSystem: 50 provinces dotées, 96 activités, 19 multi-biens, scale=2000
Découplage: activités hors GoodId du ProductionSite LOD produisent à BaseCapacity (pas de plafond LastOutput). Site LOD inchangé.
Formule: v1_025: BaseCapacity = relative_intensity × climate_mod × DevScore × production_scale. DevScore = max(1, (Tax+Production+Manpower)/3) — même score que transport v1_024. production_scale=2000 aligné LOD. PAS de typeYield Food (évite inondation stocks / dérive float). Table = RawMaterial UNIQUEMENT (wool/iron/coal/wood) : les Food/Luxury/Manufactured restent au LOD. Objectif: capacité MONDIALE des intrants ≥ demande transformée, concentration GÉOGRAPHIQUE (laine=Hills+Arid, charbon=Mountains+Hills, bois=Cold/Forest/Hills).

LawInitSystem: 23 lois créées (ordre LawId)
'VictoriaGame.Population.PopGrowthSystem' creates a query during OnUpdate. Please create queries in OnCreate and store them in the system for use in OnUpdate instead. This is significantly faster.
V1077-A non applicable (cadre mono-pays) sur before_province.png : n=0 s=15983
V1077-A non applicable (cadre mono-pays) sur after_neutral_province.png : n=0 s=15967
V1077-A non applicable (cadre mono-pays) sur after_zoom_province.png : n=0 s=15669
GoodInitSystem: 15 biens créés
CountryInitSystem: 20 pays crees
CountryInitSystem: 20 capitales résolues et possédées à t0 (owner_tag).
MapInitSystem: 50 provinces créées
MilitaryInitSystem: 20 gabarits, 20 dépôts, 20 armées
ProvinceOwnershipInitSystem: 50 provinces rattachées à leur pays
ArmyGroupInitSystem: 20 groupes, 20 armées rattachées
SeaZoneInitSystem: 14 zones maritimes créées
FortInitSystem: 20 forts créés sur les capitales
ProductionSiteInitSystem: 50 sites de production créés
PhysicalStockInitSystem: recettes de production physique:
  cloth(id=8) <- 1 wool(id=6)
  tools(id=9) <- 0,5 iron(id=5) + 0,5 wood(id=4)
  weapons(id=10) <- 0,8 iron(id=5) + 0,4 coal(id=7)
  paper(id=11) <- 1,2 wood(id=4)
Justification ratios: Ratios early-modern plausibles (affinables): cloth 1:1 wool (masse filée/tissée); tools 0.5 iron + 0.5 wood (tête + manche); weapons 0.8 iron + 0.4 coal (forge); paper 1.2 wood (perte pulpe). Primaires (grain/fish/livestock/wood/iron/wool/coal) et luxes sans recette = extraction sans intrant transformé.

PhysicalStockInitSystem: 50 provinces stockées, 3 isolée(s) du réseau terrestre (détroits exclus), capacity=500 perDev=2400,643 delay=1
=== CityInitSystem v1_036 ===
criterion=Villes d'importance politique, commerciale, religieuse ou démographique attestées vers 1400 dans le périmètre des 50 provinces. Une province qui porte déjà un nom de ville (London, Venice…) reçoit cette ville comme principale sans doublon fictif. Les provinces régionales (Île-de-France, Bourgogne…) reçoivent leurs sièges historiques (Paris, Dijon…). Populations en unités PopData (échelle sim), classées par importance relative historique — pas des effectifs d'historien.
demographic_policy=included_in_provincial_pops
choice=urban_population_INCLUDED_in_provincial_pops (CityData.Population is a share label; PopData untouched)
cities_seeded=204 provinces_with_cities=50 missing_province=0 scaled_provinces=1
urban_total=14445 world_pop_before=129200 world_pop_after=129200 delta_world_pop=0 urban_share=11,18%
extensibility: buildings→CityId; growth→CityData.Population; new cities→CreateEntity+ProvinceCity; districts→buffer on City
--- cities_per_province ---
  province=1 cities=11
  province=2 cities=4
  province=3 cities=6
  province=4 cities=5
  province=5 cities=12
  province=6 cities=9
  province=7 cities=11
  province=8 cities=15
  province=9 cities=5
  province=10 cities=9
  province=11 cities=2
  province=12 cities=2
  province=13 cities=3
  province=14 cities=2
  province=15 cities=2
  province=16 cities=3
  province=17 cities=2
  province=18 cities=25
  province=19 cities=3
  province=20 cities=3
  province=21 cities=3
  province=22 cities=3
  province=23 cities=2
  province=24 cities=2
  province=25 cities=1
  province=26 cities=3
  province=27 cities=3
  province=28 cities=3
  province=29 cities=3
  province=30 cities=2
  province=31 cities=2
  province=32 cities=2
  province=33 cities=2
  province=34 cities=2
  province=35 cities=2
  province=36 cities=2
  province=37 cities=2
  province=38 cities=2
  province=39 cities=3
  province=40 cities=3
  province=41 cities=2
  province=42 cities=2
  province=43 cities=2
  province=44 cities=3
  province=45 cities=2
  province=46 cities=2
  province=47 cities=2
  province=48 cities=3
  province=49 cities=3
  province=50 cities=2
--- urban_per_owner_tag ---
  owner=ARA urban=263
  owner=AUS urban=2807
  owner=BOH urban=209
  owner=BUR urban=483
  owner=BYZ urban=314
  owner=CAS urban=714
  owner=DAN urban=255
  owner=ENG urban=1965
  owner=FLO urban=393
  owner=FRA urban=3608
  owner=GEN urban=230
  owner=HUN urban=412
  owner=MIL urban=390
  owner=NAP urban=616
  owner=OTT urban=678
  owner=POL urban=438
  owner=POR urban=177
  owner=SCO urban=108
  owner=SWE urban=119
  owner=VEN urban=266

BuildingInitSystem seed: total=174 city_seed_coeff=0 Farm=94 Sawmill=4 Workshop=76
BuildingInitSystem: catalogue=3 types, bâtiments semés=174 city_seed_coeff=0
PhysicalEndowmentInitSystem: 50 provinces dotées, 96 activités, 19 multi-biens, scale=2000
Découplage: activités hors GoodId du ProductionSite LOD produisent à BaseCapacity (pas de plafond LastOutput). Site LOD inchangé.
Formule: v1_025: BaseCapacity = relative_intensity × climate_mod × DevScore × production_scale. DevScore = max(1, (Tax+Production+Manpower)/3) — même score que transport v1_024. production_scale=2000 aligné LOD. PAS de typeYield Food (évite inondation stocks / dérive float). Table = RawMaterial UNIQUEMENT (wool/iron/coal/wood) : les Food/Luxury/Manufactured restent au LOD. Objectif: capacité MONDIALE des intrants ≥ demande transformée, concentration GÉOGRAPHIQUE (laine=Hills+Arid, charbon=Mountains+Hills, bois=Cold/Forest/Hills).

LawInitSystem: 23 lois créées (ordre LawId)
'VictoriaGame.Population.PopGrowthSystem' creates a query during OnUpdate. Please create queries in OnCreate and store them in the system for use in OnUpdate instead. This is significantly faster.
PhysicalProductionSystem: outlet_cap_intensity=1 storage_months=3 (depuis JSON)
BuildingConstructionSystem: capacity_intensity=1 (depuis JSON)
PhysicalProductionSystem: outlet_cap_intensity=1 storage_months=3 (depuis JSON)
PopGrowthSystem: response_continuity=0,5 (depuis JSON; justification=v1_026 redescente: c=1 (même à w=0.25) casse V1016/17 (armée t3000). ADOPTÉ c=0.5 w=0.25: grille pop=154437 ratio=0.985 army=24057. Palier w=0.5 sous c=1 prouvé mais non livré. c=0 = escalier bit-identique.)
BuildingConstructionSystem: capacity_intensity=1 (depuis JSON)
BuildingAiSystem: mode=Active budget_reserve=0 (règle ByDeficitSeverity — gaps Food/Cloth + déficit bois observés ; émission si trésorerie OK ; stocks = juge chantier, pas pré-filtre IA)
GoodInitSystem: 15 biens créés
CountryInitSystem: 20 pays crees
CountryInitSystem: 20 capitales résolues et possédées à t0 (owner_tag).
MapInitSystem: 50 provinces créées
MilitaryInitSystem: 20 gabarits, 20 dépôts, 20 armées
ProvinceOwnershipInitSystem: 50 provinces rattachées à leur pays
ArmyGroupInitSystem: 20 groupes, 20 armées rattachées
SeaZoneInitSystem: 14 zones maritimes créées
FortInitSystem: 20 forts créés sur les capitales
ProductionSiteInitSystem: 50 sites de production créés
PhysicalStockInitSystem: recettes de production physique:
  cloth(id=8) <- 1 wool(id=6)
  tools(id=9) <- 0,5 iron(id=5) + 0,5 wood(id=4)
  weapons(id=10) <- 0,8 iron(id=5) + 0,4 coal(id=7)
  paper(id=11) <- 1,2 wood(id=4)
Justification ratios: Ratios early-modern plausibles (affinables): cloth 1:1 wool (masse filée/tissée); tools 0.5 iron + 0.5 wood (tête + manche); weapons 0.8 iron + 0.4 coal (forge); paper 1.2 wood (perte pulpe). Primaires (grain/fish/livestock/wood/iron/wool/coal) et luxes sans recette = extraction sans intrant transformé.

PhysicalStockInitSystem: 50 provinces stockées, 3 isolée(s) du réseau terrestre (détroits exclus), capacity=500 perDev=2400,643 delay=1
=== CityInitSystem v1_036 ===
criterion=Villes d'importance politique, commerciale, religieuse ou démographique attestées vers 1400 dans le périmètre des 50 provinces. Une province qui porte déjà un nom de ville (London, Venice…) reçoit cette ville comme principale sans doublon fictif. Les provinces régionales (Île-de-France, Bourgogne…) reçoivent leurs sièges historiques (Paris, Dijon…). Populations en unités PopData (échelle sim), classées par importance relative historique — pas des effectifs d'historien.
demographic_policy=included_in_provincial_pops
choice=urban_population_INCLUDED_in_provincial_pops (CityData.Population is a share label; PopData untouched)
cities_seeded=204 provinces_with_cities=50 missing_province=0 scaled_provinces=1
urban_total=14445 world_pop_before=129200 world_pop_after=129200 delta_world_pop=0 urban_share=11,18%
extensibility: buildings→CityId; growth→CityData.Population; new cities→CreateEntity+ProvinceCity; districts→buffer on City
--- cities_per_province ---
  province=1 cities=11
  province=2 cities=4
  province=3 cities=6
  province=4 cities=5
  province=5 cities=12
  province=6 cities=9
  province=7 cities=11
  province=8 cities=15
  province=9 cities=5
  province=10 cities=9
  province=11 cities=2
  province=12 cities=2
  province=13 cities=3
  province=14 cities=2
  province=15 cities=2
  province=16 cities=3
  province=17 cities=2
  province=18 cities=25
  province=19 cities=3
  province=20 cities=3
  province=21 cities=3
  province=22 cities=3
  province=23 cities=2
  province=24 cities=2
  province=25 cities=1
  province=26 cities=3
  province=27 cities=3
  province=28 cities=3
  province=29 cities=3
  province=30 cities=2
  province=31 cities=2
  province=32 cities=2
  province=33 cities=2
  province=34 cities=2
  province=35 cities=2
  province=36 cities=2
  province=37 cities=2
  province=38 cities=2
  province=39 cities=3
  province=40 cities=3
  province=41 cities=2
  province=42 cities=2
  province=43 cities=2
  province=44 cities=3
  province=45 cities=2
  province=46 cities=2
  province=47 cities=2
  province=48 cities=3
  province=49 cities=3
  province=50 cities=2
--- urban_per_owner_tag ---
  owner=ARA urban=263
  owner=AUS urban=2807
  owner=BOH urban=209
  owner=BUR urban=483
  owner=BYZ urban=314
  owner=CAS urban=714
  owner=DAN urban=255
  owner=ENG urban=1965
  owner=FLO urban=393
  owner=FRA urban=3608
  owner=GEN urban=230
  owner=HUN urban=412
  owner=MIL urban=390
  owner=NAP urban=616
  owner=OTT urban=678
  owner=POL urban=438
  owner=POR urban=177
  owner=SCO urban=108
  owner=SWE urban=119
  owner=VEN urban=266

BuildingInitSystem seed: total=174 city_seed_coeff=0 Farm=94 Sawmill=4 Workshop=76
BuildingInitSystem: catalogue=3 types, bâtiments semés=174 city_seed_coeff=0
PhysicalEndowmentInitSystem: 50 provinces dotées, 96 activités, 19 multi-biens, scale=2000
Découplage: activités hors GoodId du ProductionSite LOD produisent à BaseCapacity (pas de plafond LastOutput). Site LOD inchangé.
Formule: v1_025: BaseCapacity = relative_intensity × climate_mod × DevScore × production_scale. DevScore = max(1, (Tax+Production+Manpower)/3) — même score que transport v1_024. production_scale=2000 aligné LOD. PAS de typeYield Food (évite inondation stocks / dérive float). Table = RawMaterial UNIQUEMENT (wool/iron/coal/wood) : les Food/Luxury/Manufactured restent au LOD. Objectif: capacité MONDIALE des intrants ≥ demande transformée, concentration GÉOGRAPHIQUE (laine=Hills+Arid, charbon=Mountains+Hills, bois=Cold/Forest/Hills).

LawInitSystem: 23 lois créées (ordre LawId)
'VictoriaGame.Population.PopGrowthSystem' creates a query during OnUpdate. Please create queries in OnCreate and store them in the system for use in OnUpdate instead. This is significantly faster.
PhysicalProductionSystem: outlet_cap_intensity=1 storage_months=3 (depuis JSON)
BuildingConstructionSystem: capacity_intensity=1 (depuis JSON)
PhysicalProductionSystem: outlet_cap_intensity=1 storage_months=3 (depuis JSON)
PopGrowthSystem: response_continuity=0,5 (depuis JSON; justification=v1_026 redescente: c=1 (même à w=0.25) casse V1016/17 (armée t3000). ADOPTÉ c=0.5 w=0.25: grille pop=154437 ratio=0.985 army=24057. Palier w=0.5 sous c=1 prouvé mais non livré. c=0 = escalier bit-identique.)
BuildingConstructionSystem: capacity_intensity=1 (depuis JSON)
BuildingAiSystem: mode=Active budget_reserve=0 (règle ByDeficitSeverity — gaps Food/Cloth + déficit bois observés ; émission si trésorerie OK ; stocks = juge chantier, pas pré-filtre IA)
GoodInitSystem: 15 biens créés
CountryInitSystem: 20 pays crees
CountryInitSystem: 20 capitales résolues et possédées à t0 (owner_tag).
MapInitSystem: 50 provinces créées
MilitaryInitSystem: 20 gabarits, 20 dépôts, 20 armées
ProvinceOwnershipInitSystem: 50 provinces rattachées à leur pays
ArmyGroupInitSystem: 20 groupes, 20 armées rattachées
SeaZoneInitSystem: 14 zones maritimes créées
FortInitSystem: 20 forts créés sur les capitales
ProductionSiteInitSystem: 50 sites de production créés
PhysicalStockInitSystem: recettes de production physique:
  cloth(id=8) <- 1 wool(id=6)
  tools(id=9) <- 0,5 iron(id=5) + 0,5 wood(id=4)
  weapons(id=10) <- 0,8 iron(id=5) + 0,4 coal(id=7)
  paper(id=11) <- 1,2 wood(id=4)
Justification ratios: Ratios early-modern plausibles (affinables): cloth 1:1 wool (masse filée/tissée); tools 0.5 iron + 0.5 wood (tête + manche); weapons 0.8 iron + 0.4 coal (forge); paper 1.2 wood (perte pulpe). Primaires (grain/fish/livestock/wood/iron/wool/coal) et luxes sans recette = extraction sans intrant transformé.

PhysicalStockInitSystem: 50 provinces stockées, 3 isolée(s) du réseau terrestre (détroits exclus), capacity=500 perDev=2400,643 delay=1
=== CityInitSystem v1_036 ===
criterion=Villes d'importance politique, commerciale, religieuse ou démographique attestées vers 1400 dans le périmètre des 50 provinces. Une province qui porte déjà un nom de ville (London, Venice…) reçoit cette ville comme principale sans doublon fictif. Les provinces régionales (Île-de-France, Bourgogne…) reçoivent leurs sièges historiques (Paris, Dijon…). Populations en unités PopData (échelle sim), classées par importance relative historique — pas des effectifs d'historien.
demographic_policy=included_in_provincial_pops
choice=urban_population_INCLUDED_in_provincial_pops (CityData.Population is a share label; PopData untouched)
cities_seeded=204 provinces_with_cities=50 missing_province=0 scaled_provinces=1
urban_total=14445 world_pop_before=129200 world_pop_after=129200 delta_world_pop=0 urban_share=11,18%
[...]
              <properties>
                <property name="retryIteration" value="0" />
                <property name="repeatIteration" value="0" />
              </properties>
              <output><![CDATA[PhysicalProductionSystem: outlet_cap_intensity=1 storage_months=3 (depuis JSON)
PopGrowthSystem: response_continuity=0,5 (depuis JSON; justification=v1_026 redescente: c=1 (même à w=0.25) casse V1016/17 (armée t3000). ADOPTÉ c=0.5 w=0.25: grille pop=154437 ratio=0.985 army=24057. Palier w=0.5 sous c=1 prouvé mais non livré. c=0 = escalier bit-identique.)
BuildingConstructionSystem: capacity_intensity=1 (depuis JSON)
BuildingAiSystem: mode=Active budget_reserve=0 (règle ByDeficitSeverity — gaps Food/Cloth + déficit bois observés ; émission si trésorerie OK ; stocks = juge chantier, pas pré-filtre IA)
GoodInitSystem: 15 biens créés
CountryInitSystem: 20 pays crees
CountryInitSystem: 20 capitales résolues et possédées à t0 (owner_tag).
MapInitSystem: 50 provinces créées
MilitaryInitSystem: 20 gabarits, 20 dépôts, 20 armées
ProvinceOwnershipInitSystem: 50 provinces rattachées à leur pays
ArmyGroupInitSystem: 20 groupes, 20 armées rattachées
SeaZoneInitSystem: 14 zones maritimes créées
FortInitSystem: 20 forts créés sur les capitales
ProductionSiteInitSystem: 50 sites de production créés
PhysicalStockInitSystem: recettes de production physique:
  cloth(id=8) <- 1 wool(id=6)
  tools(id=9) <- 0,5 iron(id=5) + 0,5 wood(id=4)
  weapons(id=10) <- 0,8 iron(id=5) + 0,4 coal(id=7)
  paper(id=11) <- 1,2 wood(id=4)
Justification ratios: Ratios early-modern plausibles (affinables): cloth 1:1 wool (masse filée/tissée); tools 0.5 iron + 0.5 wood (tête + manche); weapons 0.8 iron + 0.4 coal (forge); paper 1.2 wood (perte pulpe). Primaires (grain/fish/livestock/wood/iron/wool/coal) et luxes sans recette = extraction sans intrant transformé.

PhysicalStockInitSystem: 50 provinces stockées, 3 isolée(s) du réseau terrestre (détroits exclus), capacity=500 perDev=2400,643 delay=1
=== CityInitSystem v1_036 ===
criterion=Villes d'importance politique, commerciale, religieuse ou démographique attestées vers 1400 dans le périmètre des 50 provinces. Une province qui porte déjà un nom de ville (London, Venice…) reçoit cette ville comme principale sans doublon fictif. Les provinces régionales (Île-de-France, Bourgogne…) reçoivent leurs sièges historiques (Paris, Dijon…). Populations en unités PopData (échelle sim), classées par importance relative historique — pas des effectifs d'historien.
demographic_policy=included_in_provincial_pops
choice=urban_population_INCLUDED_in_provincial_pops (CityData.Population is a share label; PopData untouched)
cities_seeded=204 provinces_with_cities=50 missing_province=0 scaled_provinces=1
urban_total=14445 world_pop_before=129200 world_pop_after=129200 delta_world_pop=0 urban_share=11,18%
extensibility: buildings→CityId; growth→CityData.Population; new cities→CreateEntity+ProvinceCity; districts→buffer on City
--- cities_per_province ---
  province=1 cities=11
  province=2 cities=4
  province=3 cities=6
  province=4 cities=5
  province=5 cities=12
  province=6 cities=9
  province=7 cities=11
  province=8 cities=15
  province=9 cities=5
  province=10 cities=9
  province=11 cities=2
  province=12 cities=2
  province=13 cities=3
  province=14 cities=2
  province=15 cities=2
  province=16 cities=3
  province=17 cities=2
  province=18 cities=25
  province=19 cities=3
  province=20 cities=3
  province=21 cities=3
  province=22 cities=3
  province=23 cities=2
  province=24 cities=2
  province=25 cities=1
  province=26 cities=3
  province=27 cities=3
  province=28 cities=3
  province=29 cities=3
  province=30 cities=2
  province=31 cities=2
  province=32 cities=2
  province=33 cities=2
  province=34 cities=2
  province=35 cities=2
  province=36 cities=2
  province=37 cities=2
  province=38 cities=2
  province=39 cities=3
  province=40 cities=3
  province=41 cities=2
  province=42 cities=2
  province=43 cities=2
  province=44 cities=3
  province=45 cities=2
  province=46 cities=2
  province=47 cities=2
  province=48 cities=3
  province=49 cities=3
  province=50 cities=2
--- urban_per_owner_tag ---
  owner=ARA urban=263
  owner=AUS urban=2807
  owner=BOH urban=209
  owner=BUR urban=483
  owner=BYZ urban=314
  owner=CAS urban=714
  owner=DAN urban=255
  owner=ENG urban=1965
  owner=FLO urban=393
  owner=FRA urban=3608
  owner=GEN urban=230
  owner=HUN urban=412
  owner=MIL urban=390
  owner=NAP urban=616
  owner=OTT urban=678
  owner=POL urban=438
  owner=POR urban=177
  owner=SCO urban=108
  owner=SWE urban=119
  owner=VEN urban=266

BuildingInitSystem seed: total=174 city_seed_coeff=0 Farm=94 Sawmill=4 Workshop=76
BuildingInitSystem: catalogue=3 types, bâtiments semés=174 city_seed_coeff=0
PhysicalEndowmentInitSystem: 50 provinces dotées, 96 activités, 19 multi-biens, scale=2000
Découplage: activités hors GoodId du ProductionSite LOD produisent à BaseCapacity (pas de plafond LastOutput). Site LOD inchangé.
Formule: v1_025: BaseCapacity = relative_intensity × climate_mod × DevScore × production_scale. DevScore = max(1, (Tax+Production+Manpower)/3) — même score que transport v1_024. production_scale=2000 aligné LOD. PAS de typeYield Food (évite inondation stocks / dérive float). Table = RawMaterial UNIQUEMENT (wool/iron/coal/wood) : les Food/Luxury/Manufactured restent au LOD. Objectif: capacité MONDIALE des intrants ≥ demande transformée, concentration GÉOGRAPHIQUE (laine=Hills+Arid, charbon=Mountains+Hills, bois=Cold/Forest/Hills).

LawInitSystem: 23 lois créées (ordre LawId)
'VictoriaGame.Population.PopGrowthSystem' creates a query during OnUpdate. Please create queries in OnCreate and store them in the system for use in OnUpdate instead. This is significantly faster.
PhysicalProductionSystem: outlet_cap_intensity=1 storage_months=3 (depuis JSON)
BuildingConstructionSystem: capacity_intensity=1 (depuis JSON)
PhysicalProductionSystem: outlet_cap_intensity=1 storage_months=3 (depuis JSON)
PopGrowthSystem: response_continuity=0,5 (depuis JSON; justification=v1_026 redescente: c=1 (même à w=0.25) casse V1016/17 (armée t3000). ADOPTÉ c=0.5 w=0.25: grille pop=154437 ratio=0.985 army=24057. Palier w=0.5 sous c=1 prouvé mais non livré. c=0 = escalier bit-identique.)
BuildingConstructionSystem: capacity_intensity=1 (depuis JSON)
BuildingAiSystem: mode=Active budget_reserve=0 (règle ByDeficitSeverity — gaps Food/Cloth + déficit bois observés ; émission si trésorerie OK ; stocks = juge chantier, pas pré-filtre IA)
GoodInitSystem: 15 biens créés
CountryInitSystem: 20 pays crees
CountryInitSystem: 20 capitales résolues et possédées à t0 (owner_tag).
MapInitSystem: 50 provinces créées
MilitaryInitSystem: 20 gabarits, 20 dépôts, 20 armées
ProvinceOwnershipInitSystem: 50 provinces rattachées à leur pays
ArmyGroupInitSystem: 20 groupes, 20 armées rattachées
SeaZoneInitSystem: 14 zones maritimes créées
FortInitSystem: 20 forts créés sur les capitales
ProductionSiteInitSystem: 50 sites de production créés
PhysicalStockInitSystem: recettes de production physique:
  cloth(id=8) <- 1 wool(id=6)
  tools(id=9) <- 0,5 iron(id=5) + 0,5 wood(id=4)
  weapons(id=10) <- 0,8 iron(id=5) + 0,4 coal(id=7)
  paper(id=11) <- 1,2 wood(id=4)
Justification ratios: Ratios early-modern plausibles (affinables): cloth 1:1 wool (masse filée/tissée); tools 0.5 iron + 0.5 wood (tête + manche); weapons 0.8 iron + 0.4 coal (forge); paper 1.2 wood (perte pulpe). Primaires (grain/fish/livestock/wood/iron/wool/coal) et luxes sans recette = extraction sans intrant transformé.

PhysicalStockInitSystem: 50 provinces stockées, 3 isolée(s) du réseau terrestre (détroits exclus), capacity=500 perDev=2400,643 delay=1
=== CityInitSystem v1_036 ===
criterion=Villes d'importance politique, commerciale, religieuse ou démographique attestées vers 1400 dans le périmètre des 50 provinces. Une province qui porte déjà un nom de ville (London, Venice…) reçoit cette ville comme principale sans doublon fictif. Les provinces régionales (Île-de-France, Bourgogne…) reçoivent leurs sièges historiques (Paris, Dijon…). Populations en unités PopData (échelle sim), classées par importance relative historique — pas des effectifs d'historien.
demographic_policy=included_in_provincial_pops
choice=urban_population_INCLUDED_in_provincial_pops (CityData.Population is a share label; PopData untouched)
cities_seeded=204 provinces_with_cities=50 missing_province=0 scaled_provinces=1
urban_total=14445 world_pop_before=129200 world_pop_after=129200 delta_world_pop=0 urban_share=11,18%
extensibility: buildings→CityId; growth→CityData.Population; new cities→CreateEntity+ProvinceCity; districts→buffer on City
--- cities_per_province ---
  province=1 cities=11
  province=2 cities=4
  province=3 cities=6
  province=4 cities=5
  province=5 cities=12
  province=6 cities=9
  province=7 cities=11
  province=8 cities=15
  province=9 cities=5
  province=10 cities=9
  province=11 cities=2
  province=12 cities=2
  province=13 cities=3
  province=14 cities=2
  province=15 cities=2
  province=16 cities=3
  province=17 cities=2
  province=18 cities=25
  province=19 cities=3
  province=20 cities=3
  province=21 cities=3
  province=22 cities=3
  province=23 cities=2
  province=24 cities=2
  province=25 cities=1
  province=26 cities=3
  province=27 cities=3
  province=28 cities=3
  province=29 cities=3
  province=30 cities=2
  province=31 cities=2
  province=32 cities=2
  province=33 cities=2
  province=34 cities=2
  province=35 cities=2
  province=36 cities=2
  province=37 cities=2
  province=38 cities=2
  province=39 cities=3
  province=40 cities=3
  province=41 cities=2
  province=42 cities=2
  province=43 cities=2
  province=44 cities=3
  province=45 cities=2
  province=46 cities=2
  province=47 cities=2
  province=48 cities=3
  province=49 cities=3
  province=50 cities=2
--- urban_per_owner_tag ---
  owner=ARA urban=263
  owner=AUS urban=2807
  owner=BOH urban=209
  owner=BUR urban=483
  owner=BYZ urban=314
  owner=CAS urban=714
  owner=DAN urban=255
  owner=ENG urban=1965
  owner=FLO urban=393
  owner=FRA urban=3608
  owner=GEN urban=230
  owner=HUN urban=412
  owner=MIL urban=390
  owner=NAP urban=616
  owner=OTT urban=678
  owner=POL urban=438
  owner=POR urban=177
  owner=SCO urban=108
  owner=SWE urban=119
  owner=VEN urban=266

BuildingInitSystem seed: total=174 city_seed_coeff=0 Farm=94 Sawmill=4 Workshop=76
BuildingInitSystem: catalogue=3 types, bâtiments semés=174 city_seed_coeff=0
PhysicalEndowmentInitSystem: 50 provinces dotées, 96 activités, 19 multi-biens, scale=2000
Découplage: activités hors GoodId du ProductionSite LOD produisent à BaseCapacity (pas de plafond LastOutput). Site LOD inchangé.
Formule: v1_025: BaseCapacity = relative_intensity × climate_mod × DevScore × production_scale. DevScore = max(1, (Tax+Production+Manpower)/3) — même score que transport v1_024. production_scale=2000 aligné LOD. PAS de typeYield Food (évite inondation stocks / dérive float). Table = RawMaterial UNIQUEMENT (wool/iron/coal/wood) : les Food/Luxury/Manufactured restent au LOD. Objectif: capacité MONDIALE des intrants ≥ demande transformée, concentration GÉOGRAPHIQUE (laine=Hills+Arid, charbon=Mountains+Hills, bois=Cold/Forest/Hills).

LawInitSystem: 23 lois créées (ordre LawId)
'VictoriaGame.Population.PopGrowthSystem' creates a query during OnUpdate. Please create queries in OnCreate and store them in the system for use in OnUpdate instead. This is significantly faster.
MapSnapshotExporter: MASKSTATS mode=DataDerived components=7 triangles=59 trianglePixels+=0 hullPixels+=53923 hexSeeds=50 pocketPixels+=4949 buildMs=31.1
MapSnapshotExporter: LANDMASSES count=8 sizes=[39,4,2,2,1,1,1,1] target=[39,4,2,2,1,1,1] FAIL | detail: [39:1+2+3+4+5+6+7+13+14+15+16+17+18+19+20+21+22+23+24+25+26+27+28+29+31+32+33+34+35+36+37+38+42+43+44+45+46+49+50] [4:8+9+10+12] [2:47+48] [2:30+40] [1:11] [1:31] [1:39] [1:41]
MapSnapshotExporter: SHAPE coastal_touch=30/30 inland_false_sea=12/20 land_border=68/72 strait_glued=0/8
MapSnapshotExporter: MASKSTATS mode=DataDerived components=7 triangles=59 trianglePixels+=0 hullPixels+=53923 hexSeeds=50 pocketPixels+=4949 buildMs=23.2
MapSnapshotExporter: LANDMASSES count=8 sizes=[39,4,2,2,1,1,1,1] target=[39,4,2,2,1,1,1] FAIL | detail: [39:1+2+3+4+5+6+7+13+14+15+16+17+18+19+20+21+22+23+24+25+26+27+28+29+31+32+33+34+35+36+37+38+42+43+44+45+46+49+50] [4:8+9+10+12] [2:47+48] [2:30+40] [1:11] [1:31] [1:39] [1:41]
MapSnapshotExporter: SHAPE coastal_touch=30/30 inland_false_sea=12/20 land_border=68/72 strait_glued=0/8
PhysicalProductionSystem: outlet_cap_intensity=1 storage_months=3 (depuis JSON)
BuildingConstructionSystem: capacity_intensity=1 (depuis JSON)
]]></output>
            </test-case>
          </test-suite>
          <test-suite type="TestFixture" id="1346" name="V1095GpuMapTests" fullname="VictoriaGame.Tests.V1095GpuMapTests" classname="VictoriaGame.Tests.V1095GpuMapTests" runstate="Runnable" testcasecount="1" result="Passed" start-time="2026-07-28 18:16:51Z" end-time="2026-07-28 18:16:54Z" duration="2.603022" total="1" passed="1" failed="0" inconclusive="0" skipped="0" asserts="0">
            <properties />
            <test-case id="1347" name="V1095_Artifacts_And_Verdict" fullname="VictoriaGame.Tests.V1095GpuMapTests.V1095_Artifacts_And_Verdict" methodname="V1095_Artifacts_And_Verdict" classname="VictoriaGame.Tests.V1095GpuMapTests" runstate="Runnable" seed="1931897307" result="Passed" start-time="2026-07-28 18:16:51Z" end-time="2026-07-28 18:16:54Z" duration="2.602312" asserts="0">
              <properties>
                <property name="retryIteration" value="0" />
                <property name="repeatIteration" value="0" />
              </properties>
              <output><![CDATA[PhysicalProductionSystem: outlet_cap_intensity=1 storage_months=3 (depuis JSON)
PopGrowthSystem: response_continuity=0,5 (depuis JSON; justification=v1_026 redescente: c=1 (même à w=0.25) casse V1016/17 (armée t3000). ADOPTÉ c=0.5 w=0.25: grille pop=154437 ratio=0.985 army=24057. Palier w=0.5 sous c=1 prouvé mais non livré. c=0 = escalier bit-identique.)
BuildingConstructionSystem: capacity_intensity=1 (depuis JSON)
BuildingAiSystem: mode=Active budget_reserve=0 (règle ByDeficitSeverity — gaps Food/Cloth + déficit bois observés ; émission si trésorerie OK ; stocks = juge chantier, pas pré-filtre IA)
GoodInitSystem: 15 biens créés
CountryInitSystem: 20 pays crees
CountryInitSystem: 20 capitales résolues et possédées à t0 (owner_tag).
MapInitSystem: 50 provinces créées
MilitaryInitSystem: 20 gabarits, 20 dépôts, 20 armées
ProvinceOwnershipInitSystem: 50 provinces rattachées à leur pays
ArmyGroupInitSystem: 20 groupes, 20 armées rattachées
SeaZoneInitSystem: 14 zones maritimes créées
FortInitSystem: 20 forts créés sur les capitales
ProductionSiteInitSystem: 50 sites de production créés
PhysicalStockInitSystem: recettes de production physique:
  cloth(id=8) <- 1 wool(id=6)
  tools(id=9) <- 0,5 iron(id=5) + 0,5 wood(id=4)
  weapons(id=10) <- 0,8 iron(id=5) + 0,4 coal(id=7)
  paper(id=11) <- 1,2 wood(id=4)
Justification ratios: Ratios early-modern plausibles (affinables): cloth 1:1 wool (masse filée/tissée); tools 0.5 iron + 0.5 wood (tête + manche); weapons 0.8 iron + 0.4 coal (forge); paper 1.2 wood (perte pulpe). Primaires (grain/fish/livestock/wood/iron/wool/coal) et luxes sans recette = extraction sans intrant transformé.

PhysicalStockInitSystem: 50 provinces stockées, 3 isolée(s) du réseau terrestre (détroits exclus), capacity=500 perDev=2400,643 delay=1
=== CityInitSystem v1_036 ===
criterion=Villes d'importance politique, commerciale, religieuse ou démographique attestées vers 1400 dans le périmètre des 50 provinces. Une province qui porte déjà un nom de ville (London, Venice…) reçoit cette ville comme principale sans doublon fictif. Les provinces régionales (Île-de-France, Bourgogne…) reçoivent leurs sièges historiques (Paris, Dijon…). Populations en unités PopData (échelle sim), classées par importance relative historique — pas des effectifs d'historien.
demographic_policy=included_in_provincial_pops
choice=urban_population_INCLUDED_in_provincial_pops (CityData.Population is a share label; PopData untouched)
cities_seeded=204 provinces_with_cities=50 missing_province=0 scaled_provinces=1
urban_total=14445 world_pop_before=129200 world_pop_after=129200 delta_world_pop=0 urban_share=11,18%
extensibility: buildings→CityId; growth→CityData.Population; new cities→CreateEntity+ProvinceCity; districts→buffer on City
--- cities_per_province ---
  province=1 cities=11
  province=2 cities=4
  province=3 cities=6
  province=4 cities=5
  province=5 cities=12
  province=6 cities=9
  province=7 cities=11
  province=8 cities=15
  province=9 cities=5
  province=10 cities=9
  province=11 cities=2
  province=12 cities=2
  province=13 cities=3
  province=14 cities=2
  province=15 cities=2
  province=16 cities=3
  province=17 cities=2
  province=18 cities=25
  province=19 cities=3
  province=20 cities=3
  province=21 cities=3
  province=22 cities=3
  province=23 cities=2
  province=24 cities=2
  province=25 cities=1
  province=26 cities=3
  province=27 cities=3
  province=28 cities=3
  province=29 cities=3
  province=30 cities=2
  province=31 cities=2
  province=32 cities=2
  province=33 cities=2
  province=34 cities=2
  province=35 cities=2
  province=36 cities=2
  province=37 cities=2
  province=38 cities=2
  province=39 cities=3
  province=40 cities=3
  province=41 cities=2
  province=42 cities=2
  province=43 cities=2
  province=44 cities=3
  province=45 cities=2
  province=46 cities=2
  province=47 cities=2
  province=48 cities=3
  province=49 cities=3
  province=50 cities=2
--- urban_per_owner_tag ---
  owner=ARA urban=263
  owner=AUS urban=2807
  owner=BOH urban=209
  owner=BUR urban=483
  owner=BYZ urban=314
  owner=CAS urban=714
  owner=DAN urban=255
  owner=ENG urban=1965
  owner=FLO urban=393
  owner=FRA urban=3608
  owner=GEN urban=230
  owner=HUN urban=412
  owner=MIL urban=390
  owner=NAP urban=616
  owner=OTT urban=678
  owner=POL urban=438
  owner=POR urban=177
  owner=SCO urban=108
  owner=SWE urban=119
  owner=VEN urban=266

BuildingInitSystem seed: total=174 city_seed_coeff=0 Farm=94 Sawmill=4 Workshop=76
BuildingInitSystem: catalogue=3 types, bâtiments semés=174 city_seed_coeff=0
PhysicalEndowmentInitSystem: 50 provinces dotées, 96 activités, 19 multi-biens, scale=2000
Découplage: activités hors GoodId du ProductionSite LOD produisent à BaseCapacity (pas de plafond LastOutput). Site LOD inchangé.
Formule: v1_025: BaseCapacity = relative_intensity × climate_mod × DevScore × production_scale. DevScore = max(1, (Tax+Production+Manpower)/3) — même score que transport v1_024. production_scale=2000 aligné LOD. PAS de typeYield Food (évite inondation stocks / dérive float). Table = RawMaterial UNIQUEMENT (wool/iron/coal/wood) : les Food/Luxury/Manufactured restent au LOD. Objectif: capacité MONDIALE des intrants ≥ demande transformée, concentration GÉOGRAPHIQUE (laine=Hills+Arid, charbon=Mountains+Hills, bois=Cold/Forest/Hills).

LawInitSystem: 23 lois créées (ordre LawId)
'VictoriaGame.Population.PopGrowthSystem' creates a query during OnUpdate. Please create queries in OnCreate and store them in the system for use in OnUpdate instead. This is significantly faster.
PhysicalProductionSystem: outlet_cap_intensity=1 storage_months=3 (depuis JSON)
BuildingConstructionSystem: capacity_intensity=1 (depuis JSON)
Saving results to: C:/Users/liagr/AppData/LocalLow/DefaultCompany/game_unity\TestResults.xml
]]></output>
            </test-case>
          </test-suite>
        </test-suite>
      </test-suite>
    </test-suite>
  </test-suite>
</test-run>